# JRE version: OpenJDK Runtime Environment (8.0_242-b01) (build 1.8.0_242-release-1644-b01)
# Java VM: OpenJDK 64-Bit Server VM (25.242-b01 mixed mode windows-amd64 compressed oops)
Heap:
 PSYoungGen      total 114688K, used 34873K [0x00000000d5580000, 0x00000000dd580000, 0x0000000100000000)
  eden space 104448K, 23% used [0x00000000d5580000,0x00000000d6d95168,0x00000000dbb80000)
  from space 10240K, 99% used [0x00000000dc700000,0x00000000dd0f9400,0x00000000dd100000)
  to   space 11776K, 0% used [0x00000000dbb80000,0x00000000dbb80000,0x00000000dc700000)
 ParOldGen       total 57856K, used 9588K [0x0000000080000000, 0x0000000083880000, 0x00000000d5580000)
  object space 57856K, 16% used [0x0000000080000000,0x000000008095d0b8,0x0000000083880000)
 Metaspace       used 33930K, capacity 35250K, committed 35456K, reserved 1079296K
  class space    used 4574K, capacity 4880K, committed 4992K, reserved 1048576K
GC Heap History (10 events):
Event: 3.306 GC heap before
{Heap before GC invocations=5 (full 0):
 PSYoungGen      total 37888K, used 37879K [0x00000000d5580000, 0x00000000d7f80000, 0x0000000100000000)
  eden space 32768K, 100% used [0x00000000d5580000,0x00000000d7580000,0x00000000d7580000)
  from space 5120K, 99% used [0x00000000d7a80000,0x00000000d7f7dc40,0x00000000d7f80000)
  to   space 5120K, 0% used [0x00000000d7580000,0x00000000d7580000,0x00000000d7a80000)
 ParOldGen       total 86016K, used 3806K [0x0000000080000000, 0x0000000085400000, 0x00000000d5580000)
  object space 86016K, 4% used [0x0000000080000000,0x00000000803b7af8,0x0000000085400000)
 Metaspace       used 17626K, capacity 18258K, committed 18560K, reserved 1064960K
  class space    used 2405K, capacity 2579K, committed 2688K, reserved 1048576K
Event: 3.314 GC heap after
Heap after GC invocations=5 (full 0):
 PSYoungGen      total 37888K, used 5096K [0x00000000d5580000, 0x00000000da980000, 0x0000000100000000)
  eden space 32768K, 0% used [0x00000000d5580000,0x00000000d5580000,0x00000000d7580000)
  from space 5120K, 99% used [0x00000000d7580000,0x00000000d7a7a020,0x00000000d7a80000)
  to   space 10240K, 0% used [0x00000000d9f80000,0x00000000d9f80000,0x00000000da980000)
 ParOldGen       total 86016K, used 7044K [0x0000000080000000, 0x0000000085400000, 0x00000000d5580000)
  object space 86016K, 8% used [0x0000000080000000,0x00000000806e10e8,0x0000000085400000)
 Metaspace       used 17626K, capacity 18258K, committed 18560K, reserved 1064960K
  class space    used 2405K, capacity 2579K, committed 2688K, reserved 1048576K
}
Event: 3.656 GC heap before
{Heap before GC invocations=6 (full 0):
 PSYoungGen      total 37888K, used 35922K [0x00000000d5580000, 0x00000000da980000, 0x0000000100000000)
  eden space 32768K, 94% used [0x00000000d5580000,0x00000000d739a8a0,0x00000000d7580000)
  from space 5120K, 99% used [0x00000000d7580000,0x00000000d7a7a020,0x00000000d7a80000)
  to   space 10240K, 0% used [0x00000000d9f80000,0x00000000d9f80000,0x00000000da980000)
 ParOldGen       total 86016K, used 7044K [0x0000000080000000, 0x0000000085400000, 0x00000000d5580000)
  object space 86016K, 8% used [0x0000000080000000,0x00000000806e10e8,0x0000000085400000)
 Metaspace       used 20477K, capacity 21222K, committed 21296K, reserved 1067008K
  class space    used 2852K, capacity 3037K, committed 3072K, reserved 1048576K
Event: 3.665 GC heap after
Heap after GC invocations=6 (full 0):
 PSYoungGen      total 75264K, used 8656K [0x00000000d5580000, 0x00000000daa80000, 0x0000000100000000)
  eden space 65024K, 0% used [0x00000000d5580000,0x00000000d5580000,0x00000000d9500000)
  from space 10240K, 84% used [0x00000000d9f80000,0x00000000da7f41f8,0x00000000da980000)
  to   space 10752K, 0% used [0x00000000d9500000,0x00000000d9500000,0x00000000d9f80000)
 ParOldGen       total 86016K, used 7052K [0x0000000080000000, 0x0000000085400000, 0x00000000d5580000)
  object space 86016K, 8% used [0x0000000080000000,0x00000000806e30e8,0x0000000085400000)
 Metaspace       used 20477K, capacity 21222K, committed 21296K, reserved 1067008K
  class space    used 2852K, capacity 3037K, committed 3072K, reserved 1048576K
}
Event: 3.665 GC heap before
{Heap before GC invocations=7 (full 1):
 PSYoungGen      total 75264K, used 8656K [0x00000000d5580000, 0x00000000daa80000, 0x0000000100000000)
  eden space 65024K, 0% used [0x00000000d5580000,0x00000000d5580000,0x00000000d9500000)
  from space 10240K, 84% used [0x00000000d9f80000,0x00000000da7f41f8,0x00000000da980000)
  to   space 10752K, 0% used [0x00000000d9500000,0x00000000d9500000,0x00000000d9f80000)
 ParOldGen       total 86016K, used 7052K [0x0000000080000000, 0x0000000085400000, 0x00000000d5580000)
  object space 86016K, 8% used [0x0000000080000000,0x00000000806e30e8,0x0000000085400000)
 Metaspace       used 20477K, capacity 21222K, committed 21296K, reserved 1067008K
  class space    used 2852K, capacity 3037K, committed 3072K, reserved 1048576K
Event: 3.697 GC heap after
Heap after GC invocations=7 (full 1):
 PSYoungGen      total 75264K, used 0K [0x00000000d5580000, 0x00000000daa80000, 0x0000000100000000)
  eden space 65024K, 0% used [0x00000000d5580000,0x00000000d5580000,0x00000000d9500000)
  from space 10240K, 0% used [0x00000000d9f80000,0x00000000d9f80000,0x00000000da980000)
  to   space 10752K, 0% used [0x00000000d9500000,0x00000000d9500000,0x00000000d9f80000)
 ParOldGen       total 57856K, used 9380K [0x0000000080000000, 0x0000000083880000, 0x00000000d5580000)
  object space 57856K, 16% used [0x0000000080000000,0x00000000809292e8,0x0000000083880000)
 Metaspace       used 20477K, capacity 21222K, committed 21296K, reserved 1067008K
  class space    used 2852K, capacity 3037K, committed 3072K, reserved 1048576K
}
Event: 4.279 GC heap before
{Heap before GC invocations=8 (full 1):
 PSYoungGen      total 75264K, used 65024K [0x00000000d5580000, 0x00000000daa80000, 0x0000000100000000)
  eden space 65024K, 100% used [0x00000000d5580000,0x00000000d9500000,0x00000000d9500000)
  from space 10240K, 0% used [0x00000000d9f80000,0x00000000d9f80000,0x00000000da980000)
  to   space 10752K, 0% used [0x00000000d9500000,0x00000000d9500000,0x00000000d9f80000)
 ParOldGen       total 57856K, used 9380K [0x0000000080000000, 0x0000000083880000, 0x00000000d5580000)
  object space 57856K, 16% used [0x0000000080000000,0x00000000809292e8,0x0000000083880000)
 Metaspace       used 25065K, capacity 26122K, committed 26240K, reserved 1071104K
  class space    used 3578K, capacity 3855K, committed 3968K, reserved 1048576K
Event: 4.284 GC heap after
Heap after GC invocations=8 (full 1):
 PSYoungGen      total 75776K, used 6290K [0x00000000d5580000, 0x00000000dd100000, 0x0000000100000000)
  eden space 65024K, 0% used [0x00000000d5580000,0x00000000d5580000,0x00000000d9500000)
  from space 10752K, 58% used [0x00000000d9500000,0x00000000d9b24ba0,0x00000000d9f80000)
  to   space 10240K, 0% used [0x00000000dc700000,0x00000000dc700000,0x00000000dd100000)
 ParOldGen       total 57856K, used 9388K [0x0000000080000000, 0x0000000083880000, 0x00000000d5580000)
  object space 57856K, 16% used [0x0000000080000000,0x000000008092b2e8,0x0000000083880000)
 Metaspace       used 25065K, capacity 26122K, committed 26240K, reserved 1071104K
  class space    used 3578K, capacity 3855K, committed 3968K, reserved 1048576K
}
Event: 4.888 GC heap before
{Heap before GC invocations=9 (full 1):
 PSYoungGen      total 75776K, used 71314K [0x00000000d5580000, 0x00000000dd100000, 0x0000000100000000)
  eden space 65024K, 100% used [0x00000000d5580000,0x00000000d9500000,0x00000000d9500000)
  from space 10752K, 58% used [0x00000000d9500000,0x00000000d9b24ba0,0x00000000d9f80000)
  to   space 10240K, 0% used [0x00000000dc700000,0x00000000dc700000,0x00000000dd100000)
 ParOldGen       total 57856K, used 9388K [0x0000000080000000, 0x0000000083880000, 0x00000000d5580000)
  object space 57856K, 16% used [0x0000000080000000,0x000000008092b2e8,0x0000000083880000)
 Metaspace       used 33017K, capacity 34248K, committed 34560K, reserved 1079296K
  class space    used 4455K, capacity 4749K, committed 4864K, reserved 1048576K
Event: 4.902 GC heap after
Heap after GC invocations=9 (full 1):
 PSYoungGen      total 114688K, used 10213K [0x00000000d5580000, 0x00000000dd580000, 0x0000000100000000)
  eden space 104448K, 0% used [0x00000000d5580000,0x00000000d5580000,0x00000000dbb80000)
  from space 10240K, 99% used [0x00000000dc700000,0x00000000dd0f9400,0x00000000dd100000)
  to   space 11776K, 0% used [0x00000000dbb80000,0x00000000dbb80000,0x00000000dc700000)
 ParOldGen       total 57856K, used 9588K [0x0000000080000000, 0x0000000083880000, 0x00000000d5580000)
  object space 57856K, 16% used [0x0000000080000000,0x000000008095d0b8,0x0000000083880000)
 Metaspace       used 33017K, capacity 34248K, committed 34560K, reserved 1079296K
  class space    used 4455K, capacity 4749K, committed 4864K, reserved 1048576K
}

