# JRE version: OpenJDK Runtime Environment (8.0_242-b01) (build 1.8.0_242-release-1644-b01)
# Java VM: OpenJDK 64-Bit Server VM (25.242-b01 mixed mode windows-amd64 compressed oops)
Heap:
 PSYoungGen      total 122368K, used 84853K [0x00000000f5580000, 0x00000000fff80000, 0x0000000100000000)
  eden space 72192K, 75% used [0x00000000f5580000,0x00000000f8aa4c98,0x00000000f9c00000)
  from space 50176K, 60% used [0x00000000fcd80000,0x00000000feb3aad0,0x00000000ffe80000)
  to   space 50688K, 0% used [0x00000000f9c00000,0x00000000f9c00000,0x00000000fcd80000)
 ParOldGen       total 331264K, used 177290K [0x00000000e0000000, 0x00000000f4380000, 0x00000000f5580000)
  object space 331264K, 53% used [0x00000000e0000000,0x00000000ead22bf0,0x00000000f4380000)
 Metaspace       used 84634K, capacity 88780K, committed 88920K, reserved 1126400K
  class space    used 11352K, capacity 12139K, committed 12160K, reserved 1048576K
GC Heap History (10 events):
Event: 19.462 GC heap before
{Heap before GC invocations=25 (full 4):
 PSYoungGen      total 116224K, used 92369K [0x00000000f5580000, 0x00000000ffe00000, 0x0000000100000000)
  eden space 64000K, 99% used [0x00000000f5580000,0x00000000f93d5268,0x00000000f9400000)
  from space 52224K, 54% used [0x00000000fcb00000,0x00000000fe6df340,0x00000000ffe00000)
  to   space 54272K, 0% used [0x00000000f9400000,0x00000000f9400000,0x00000000fc900000)
 ParOldGen       total 224768K, used 164155K [0x00000000e0000000, 0x00000000edb80000, 0x00000000f5580000)
  object space 224768K, 73% used [0x00000000e0000000,0x00000000ea04efb0,0x00000000edb80000)
 Metaspace       used 79399K, capacity 83200K, committed 83544K, reserved 1122304K
  class space    used 10907K, capacity 11627K, committed 11648K, reserved 1048576K
Event: 19.482 GC heap after
Heap after GC invocations=25 (full 4):
 PSYoungGen      total 118272K, used 26207K [0x00000000f5580000, 0x00000000fff00000, 0x0000000100000000)
  eden space 64000K, 0% used [0x00000000f5580000,0x00000000f5580000,0x00000000f9400000)
  from space 54272K, 48% used [0x00000000f9400000,0x00000000fad97ca8,0x00000000fc900000)
  to   space 52736K, 0% used [0x00000000fcb80000,0x00000000fcb80000,0x00000000fff00000)
 ParOldGen       total 224768K, used 164163K [0x00000000e0000000, 0x00000000edb80000, 0x00000000f5580000)
  object space 224768K, 73% used [0x00000000e0000000,0x00000000ea050fb0,0x00000000edb80000)
 Metaspace       used 79399K, capacity 83200K, committed 83544K, reserved 1122304K
  class space    used 10907K, capacity 11627K, committed 11648K, reserved 1048576K
}
Event: 20.007 GC heap before
{Heap before GC invocations=26 (full 4):
 PSYoungGen      total 118272K, used 75354K [0x00000000f5580000, 0x00000000fff00000, 0x0000000100000000)
  eden space 64000K, 76% used [0x00000000f5580000,0x00000000f857ec10,0x00000000f9400000)
  from space 54272K, 48% used [0x00000000f9400000,0x00000000fad97ca8,0x00000000fc900000)
  to   space 52736K, 0% used [0x00000000fcb80000,0x00000000fcb80000,0x00000000fff00000)
 ParOldGen       total 224768K, used 164163K [0x00000000e0000000, 0x00000000edb80000, 0x00000000f5580000)
  object space 224768K, 73% used [0x00000000e0000000,0x00000000ea050fb0,0x00000000edb80000)
 Metaspace       used 79575K, capacity 83438K, committed 83800K, reserved 1122304K
  class space    used 10920K, capacity 11646K, committed 11648K, reserved 1048576K
Event: 20.027 GC heap after
Heap after GC invocations=26 (full 4):
 PSYoungGen      total 117760K, used 10543K [0x00000000f5580000, 0x00000000ffc80000, 0x0000000100000000)
  eden space 67584K, 0% used [0x00000000f5580000,0x00000000f5580000,0x00000000f9780000)
  from space 50176K, 21% used [0x00000000fcb80000,0x00000000fd5cbe50,0x00000000ffc80000)
  to   space 51712K, 0% used [0x00000000f9780000,0x00000000f9780000,0x00000000fca00000)
 ParOldGen       total 224768K, used 189776K [0x00000000e0000000, 0x00000000edb80000, 0x00000000f5580000)
  object space 224768K, 84% used [0x00000000e0000000,0x00000000eb9542c8,0x00000000edb80000)
 Metaspace       used 79575K, capacity 83438K, committed 83800K, reserved 1122304K
  class space    used 10920K, capacity 11646K, committed 11648K, reserved 1048576K
}
Event: 20.027 GC heap before
{Heap before GC invocations=27 (full 5):
 PSYoungGen      total 117760K, used 10543K [0x00000000f5580000, 0x00000000ffc80000, 0x0000000100000000)
  eden space 67584K, 0% used [0x00000000f5580000,0x00000000f5580000,0x00000000f9780000)
  from space 50176K, 21% used [0x00000000fcb80000,0x00000000fd5cbe50,0x00000000ffc80000)
  to   space 51712K, 0% used [0x00000000f9780000,0x00000000f9780000,0x00000000fca00000)
 ParOldGen       total 224768K, used 189776K [0x00000000e0000000, 0x00000000edb80000, 0x00000000f5580000)
  object space 224768K, 84% used [0x00000000e0000000,0x00000000eb9542c8,0x00000000edb80000)
 Metaspace       used 79575K, capacity 83438K, committed 83800K, reserved 1122304K
  class space    used 10920K, capacity 11646K, committed 11648K, reserved 1048576K
Event: 20.624 GC heap after
Heap after GC invocations=27 (full 5):
 PSYoungGen      total 117760K, used 0K [0x00000000f5580000, 0x00000000ffc80000, 0x0000000100000000)
  eden space 67584K, 0% used [0x00000000f5580000,0x00000000f5580000,0x00000000f9780000)
  from space 50176K, 0% used [0x00000000fcb80000,0x00000000fcb80000,0x00000000ffc80000)
  to   space 51712K, 0% used [0x00000000f9780000,0x00000000f9780000,0x00000000fca00000)
 ParOldGen       total 331264K, used 177274K [0x00000000e0000000, 0x00000000f4380000, 0x00000000f5580000)
  object space 331264K, 53% used [0x00000000e0000000,0x00000000ead1ebf0,0x00000000f4380000)
 Metaspace       used 79486K, capacity 83176K, committed 83800K, reserved 1122304K
  class space    used 10890K, capacity 11595K, committed 11648K, reserved 1048576K
}
Event: 21.417 GC heap before
{Heap before GC invocations=28 (full 5):
 PSYoungGen      total 117760K, used 67584K [0x00000000f5580000, 0x00000000ffc80000, 0x0000000100000000)
  eden space 67584K, 100% used [0x00000000f5580000,0x00000000f9780000,0x00000000f9780000)
  from space 50176K, 0% used [0x00000000fcb80000,0x00000000fcb80000,0x00000000ffc80000)
  to   space 51712K, 0% used [0x00000000f9780000,0x00000000f9780000,0x00000000fca00000)
 ParOldGen       total 331264K, used 177274K [0x00000000e0000000, 0x00000000f4380000, 0x00000000f5580000)
  object space 331264K, 53% used [0x00000000e0000000,0x00000000ead1ebf0,0x00000000f4380000)
 Metaspace       used 82019K, capacity 86028K, committed 86232K, reserved 1124352K
  class space    used 11197K, capacity 11973K, committed 12032K, reserved 1048576K
Event: 21.426 GC heap after
Heap after GC invocations=28 (full 5):
 PSYoungGen      total 119296K, used 24579K [0x00000000f5580000, 0x00000000ffe80000, 0x0000000100000000)
  eden space 67584K, 0% used [0x00000000f5580000,0x00000000f5580000,0x00000000f9780000)
  from space 51712K, 47% used [0x00000000f9780000,0x00000000faf80fb8,0x00000000fca00000)
  to   space 50176K, 0% used [0x00000000fcd80000,0x00000000fcd80000,0x00000000ffe80000)
 ParOldGen       total 331264K, used 177282K [0x00000000e0000000, 0x00000000f4380000, 0x00000000f5580000)
  object space 331264K, 53% used [0x00000000e0000000,0x00000000ead20bf0,0x00000000f4380000)
 Metaspace       used 82019K, capacity 86028K, committed 86232K, reserved 1124352K
  class space    used 11197K, capacity 11973K, committed 12032K, reserved 1048576K
}
Event: 25.357 GC heap before
{Heap before GC invocations=29 (full 5):
 PSYoungGen      total 119296K, used 92163K [0x00000000f5580000, 0x00000000ffe80000, 0x0000000100000000)
  eden space 67584K, 100% used [0x00000000f5580000,0x00000000f9780000,0x00000000f9780000)
  from space 51712K, 47% used [0x00000000f9780000,0x00000000faf80fb8,0x00000000fca00000)
  to   space 50176K, 0% used [0x00000000fcd80000,0x00000000fcd80000,0x00000000ffe80000)
 ParOldGen       total 331264K, used 177282K [0x00000000e0000000, 0x00000000f4380000, 0x00000000f5580000)
  object space 331264K, 53% used [0x00000000e0000000,0x00000000ead20bf0,0x00000000f4380000)
 Metaspace       used 84527K, capacity 88584K, committed 88664K, reserved 1126400K
  class space    used 11352K, capacity 12139K, committed 12160K, reserved 1048576K
Event: 25.369 GC heap after
Heap after GC invocations=29 (full 5):
 PSYoungGen      total 122368K, used 30442K [0x00000000f5580000, 0x00000000fff80000, 0x0000000100000000)
  eden space 72192K, 0% used [0x00000000f5580000,0x00000000f5580000,0x00000000f9c00000)
  from space 50176K, 60% used [0x00000000fcd80000,0x00000000feb3aad0,0x00000000ffe80000)
  to   space 50688K, 0% used [0x00000000f9c00000,0x00000000f9c00000,0x00000000fcd80000)
 ParOldGen       total 331264K, used 177290K [0x00000000e0000000, 0x00000000f4380000, 0x00000000f5580000)
  object space 331264K, 53% used [0x00000000e0000000,0x00000000ead22bf0,0x00000000f4380000)
 Metaspace       used 84527K, capacity 88584K, committed 88664K, reserved 1126400K
  class space    used 11352K, capacity 12139K, committed 12160K, reserved 1048576K
}

