# JRE version: OpenJDK Runtime Environment (8.0_242-b01) (build 1.8.0_242-release-1644-b01)
# Java VM: OpenJDK 64-Bit Server VM (25.242-b01 mixed mode windows-amd64 compressed oops)
Heap:
 PSYoungGen      total 137216K, used 80442K [0x00000000f5580000, 0x0000000100000000, 0x0000000100000000)
  eden space 100864K, 57% used [0x00000000f5580000,0x00000000f8daeb58,0x00000000fb800000)
  from space 36352K, 63% used [0x00000000fdc80000,0x00000000ff2e0030,0x0000000100000000)
  to   space 36864K, 0% used [0x00000000fb800000,0x00000000fb800000,0x00000000fdc00000)
 ParOldGen       total 115712K, used 57616K [0x00000000e0000000, 0x00000000e7100000, 0x00000000f5580000)
  object space 115712K, 49% used [0x00000000e0000000,0x00000000e3844218,0x00000000e7100000)
 Metaspace       used 79753K, capacity 84058K, committed 84312K, reserved 1122304K
  class space    used 10534K, capacity 11292K, committed 11392K, reserved 1048576K
GC Heap History (10 events):
Event: 544.247 GC heap before
{Heap before GC invocations=21 (full 3):
 PSYoungGen      total 141824K, used 125196K [0x00000000f5580000, 0x0000000100000000, 0x0000000100000000)
  eden space 109056K, 100% used [0x00000000f5580000,0x00000000fc000000,0x00000000fc000000)
  from space 32768K, 49% used [0x00000000fc000000,0x00000000fcfc32f0,0x00000000fe000000)
  to   space 31744K, 0% used [0x00000000fe100000,0x00000000fe100000,0x0000000100000000)
 ParOldGen       total 115712K, used 57576K [0x00000000e0000000, 0x00000000e7100000, 0x00000000f5580000)
  object space 115712K, 49% used [0x00000000e0000000,0x00000000e383a218,0x00000000e7100000)
 Metaspace       used 76548K, capacity 80326K, committed 80472K, reserved 1118208K
  class space    used 10143K, capacity 10834K, committed 10880K, reserved 1048576K
Event: 544.264 GC heap after
Heap after GC invocations=21 (full 3):
 PSYoungGen      total 141824K, used 20032K [0x00000000f5580000, 0x0000000100000000, 0x0000000100000000)
  eden space 110080K, 0% used [0x00000000f5580000,0x00000000f5580000,0x00000000fc100000)
  from space 31744K, 63% used [0x00000000fe100000,0x00000000ff490000,0x0000000100000000)
  to   space 32256K, 0% used [0x00000000fc100000,0x00000000fc100000,0x00000000fe080000)
 ParOldGen       total 115712K, used 57584K [0x00000000e0000000, 0x00000000e7100000, 0x00000000f5580000)
  object space 115712K, 49% used [0x00000000e0000000,0x00000000e383c218,0x00000000e7100000)
 Metaspace       used 76548K, capacity 80326K, committed 80472K, reserved 1118208K
  class space    used 10143K, capacity 10834K, committed 10880K, reserved 1048576K
}
Event: 545.241 GC heap before
{Heap before GC invocations=22 (full 3):
 PSYoungGen      total 141824K, used 130112K [0x00000000f5580000, 0x0000000100000000, 0x0000000100000000)
  eden space 110080K, 100% used [0x00000000f5580000,0x00000000fc100000,0x00000000fc100000)
  from space 31744K, 63% used [0x00000000fe100000,0x00000000ff490000,0x0000000100000000)
  to   space 32256K, 0% used [0x00000000fc100000,0x00000000fc100000,0x00000000fe080000)
 ParOldGen       total 115712K, used 57584K [0x00000000e0000000, 0x00000000e7100000, 0x00000000f5580000)
  object space 115712K, 49% used [0x00000000e0000000,0x00000000e383c218,0x00000000e7100000)
 Metaspace       used 76614K, capacity 80418K, committed 80472K, reserved 1118208K
  class space    used 10145K, capacity 10838K, committed 10880K, reserved 1048576K
Event: 545.264 GC heap after
Heap after GC invocations=22 (full 3):
 PSYoungGen      total 136192K, used 25920K [0x00000000f5580000, 0x0000000100000000, 0x0000000100000000)
  eden space 110080K, 0% used [0x00000000f5580000,0x00000000f5580000,0x00000000fc100000)
  from space 26112K, 99% used [0x00000000fc100000,0x00000000fda50000,0x00000000fda80000)
  to   space 34816K, 0% used [0x00000000fde00000,0x00000000fde00000,0x0000000100000000)
 ParOldGen       total 115712K, used 57592K [0x00000000e0000000, 0x00000000e7100000, 0x00000000f5580000)
  object space 115712K, 49% used [0x00000000e0000000,0x00000000e383e218,0x00000000e7100000)
 Metaspace       used 76614K, capacity 80418K, committed 80472K, reserved 1118208K
  class space    used 10145K, capacity 10838K, committed 10880K, reserved 1048576K
}
Event: 781.980 GC heap before
{Heap before GC invocations=23 (full 3):
 PSYoungGen      total 136192K, used 136000K [0x00000000f5580000, 0x0000000100000000, 0x0000000100000000)
  eden space 110080K, 100% used [0x00000000f5580000,0x00000000fc100000,0x00000000fc100000)
  from space 26112K, 99% used [0x00000000fc100000,0x00000000fda50000,0x00000000fda80000)
  to   space 34816K, 0% used [0x00000000fde00000,0x00000000fde00000,0x0000000100000000)
 ParOldGen       total 115712K, used 57592K [0x00000000e0000000, 0x00000000e7100000, 0x00000000f5580000)
  object space 115712K, 49% used [0x00000000e0000000,0x00000000e383e218,0x00000000e7100000)
 Metaspace       used 77091K, capacity 80986K, committed 81240K, reserved 1120256K
  class space    used 10157K, capacity 10856K, committed 10880K, reserved 1048576K
Event: 782.006 GC heap after
Heap after GC invocations=23 (full 3):
 PSYoungGen      total 139776K, used 20880K [0x00000000f5580000, 0x0000000100000000, 0x0000000100000000)
  eden space 104960K, 0% used [0x00000000f5580000,0x00000000f5580000,0x00000000fbc00000)
  from space 34816K, 59% used [0x00000000fde00000,0x00000000ff264010,0x0000000100000000)
  to   space 34816K, 0% used [0x00000000fbc00000,0x00000000fbc00000,0x00000000fde00000)
 ParOldGen       total 115712K, used 57600K [0x00000000e0000000, 0x00000000e7100000, 0x00000000f5580000)
  object space 115712K, 49% used [0x00000000e0000000,0x00000000e3840218,0x00000000e7100000)
 Metaspace       used 77091K, capacity 80986K, committed 81240K, reserved 1120256K
  class space    used 10157K, capacity 10856K, committed 10880K, reserved 1048576K
}
Event: 784.192 GC heap before
{Heap before GC invocations=24 (full 3):
 PSYoungGen      total 139776K, used 125840K [0x00000000f5580000, 0x0000000100000000, 0x0000000100000000)
  eden space 104960K, 100% used [0x00000000f5580000,0x00000000fbc00000,0x00000000fbc00000)
  from space 34816K, 59% used [0x00000000fde00000,0x00000000ff264010,0x0000000100000000)
  to   space 34816K, 0% used [0x00000000fbc00000,0x00000000fbc00000,0x00000000fde00000)
 ParOldGen       total 115712K, used 57600K [0x00000000e0000000, 0x00000000e7100000, 0x00000000f5580000)
  object space 115712K, 49% used [0x00000000e0000000,0x00000000e3840218,0x00000000e7100000)
 Metaspace       used 78162K, capacity 82078K, committed 82264K, reserved 1120256K
  class space    used 10334K, capacity 11010K, committed 11136K, reserved 1048576K
Event: 784.209 GC heap after
Heap after GC invocations=24 (full 3):
 PSYoungGen      total 131072K, used 25628K [0x00000000f5580000, 0x0000000100000000, 0x0000000100000000)
  eden space 104960K, 0% used [0x00000000f5580000,0x00000000f5580000,0x00000000fbc00000)
  from space 26112K, 98% used [0x00000000fbc00000,0x00000000fd507070,0x00000000fd580000)
  to   space 36352K, 0% used [0x00000000fdc80000,0x00000000fdc80000,0x0000000100000000)
 ParOldGen       total 115712K, used 57608K [0x00000000e0000000, 0x00000000e7100000, 0x00000000f5580000)
  object space 115712K, 49% used [0x00000000e0000000,0x00000000e3842218,0x00000000e7100000)
 Metaspace       used 78162K, capacity 82078K, committed 82264K, reserved 1120256K
  class space    used 10334K, capacity 11010K, committed 11136K, reserved 1048576K
}
Event: 794.961 GC heap before
{Heap before GC invocations=25 (full 3):
 PSYoungGen      total 131072K, used 130587K [0x00000000f5580000, 0x0000000100000000, 0x0000000100000000)
  eden space 104960K, 99% used [0x00000000f5580000,0x00000000fbbffeb0,0x00000000fbc00000)
  from space 26112K, 98% used [0x00000000fbc00000,0x00000000fd507070,0x00000000fd580000)
  to   space 36352K, 0% used [0x00000000fdc80000,0x00000000fdc80000,0x0000000100000000)
 ParOldGen       total 115712K, used 57608K [0x00000000e0000000, 0x00000000e7100000, 0x00000000f5580000)
  object space 115712K, 49% used [0x00000000e0000000,0x00000000e3842218,0x00000000e7100000)
 Metaspace       used 78839K, capacity 83004K, committed 83032K, reserved 1122304K
  class space    used 10401K, capacity 11125K, committed 11136K, reserved 1048576K
Event: 794.982 GC heap after
Heap after GC invocations=25 (full 3):
 PSYoungGen      total 137216K, used 22912K [0x00000000f5580000, 0x0000000100000000, 0x0000000100000000)
  eden space 100864K, 0% used [0x00000000f5580000,0x00000000f5580000,0x00000000fb800000)
  from space 36352K, 63% used [0x00000000fdc80000,0x00000000ff2e0030,0x0000000100000000)
  to   space 36864K, 0% used [0x00000000fb800000,0x00000000fb800000,0x00000000fdc00000)
 ParOldGen       total 115712K, used 57616K [0x00000000e0000000, 0x00000000e7100000, 0x00000000f5580000)
  object space 115712K, 49% used [0x00000000e0000000,0x00000000e3844218,0x00000000e7100000)
 Metaspace       used 78839K, capacity 83004K, committed 83032K, reserved 1122304K
  class space    used 10401K, capacity 11125K, committed 11136K, reserved 1048576K
}

