# JRE version: OpenJDK Runtime Environment (8.0_242-b01) (build 1.8.0_242-release-1644-b01)
# Java VM: OpenJDK 64-Bit Server VM (25.242-b01 mixed mode windows-amd64 compressed oops)
Heap:
 PSYoungGen      total 148992K, used 39810K [0x00000000d5f80000, 0x00000000e0280000, 0x0000000100000000)
  eden space 133120K, 17% used [0x00000000d5f80000,0x00000000d76e4478,0x00000000de180000)
  from space 15872K, 99% used [0x00000000df300000,0x00000000e027c588,0x00000000e0280000)
  to   space 5120K, 0% used [0x00000000de180000,0x00000000de180000,0x00000000de680000)
 ParOldGen       total 68096K, used 32068K [0x0000000081e00000, 0x0000000086080000, 0x00000000d5f80000)
  object space 68096K, 47% used [0x0000000081e00000,0x0000000083d51198,0x0000000086080000)
 Metaspace       used 46977K, capacity 47852K, committed 48384K, reserved 1091584K
  class space    used 5832K, capacity 6044K, committed 6144K, reserved 1048576K
GC Heap History (10 events):
Event: 1.088 GC heap before
{Heap before GC invocations=4 (full 1):
 PSYoungGen      total 71680K, used 5112K [0x00000000d5f80000, 0x00000000deb80000, 0x0000000100000000)
  eden space 66560K, 0% used [0x00000000d5f80000,0x00000000d5f80000,0x00000000da080000)
  from space 5120K, 99% used [0x00000000da080000,0x00000000da57e348,0x00000000da580000)
  to   space 5120K, 0% used [0x00000000de680000,0x00000000de680000,0x00000000deb80000)
 ParOldGen       total 87552K, used 12504K [0x0000000081e00000, 0x0000000087380000, 0x00000000d5f80000)
  object space 87552K, 14% used [0x0000000081e00000,0x0000000082a363b0,0x0000000087380000)
 Metaspace       used 20770K, capacity 21212K, committed 21248K, reserved 1069056K
  class space    used 2441K, capacity 2558K, committed 2560K, reserved 1048576K
Event: 1.116 GC heap after
Heap after GC invocations=4 (full 1):
 PSYoungGen      total 71680K, used 0K [0x00000000d5f80000, 0x00000000deb80000, 0x0000000100000000)
  eden space 66560K, 0% used [0x00000000d5f80000,0x00000000d5f80000,0x00000000da080000)
  from space 5120K, 0% used [0x00000000da080000,0x00000000da080000,0x00000000da580000)
  to   space 5120K, 0% used [0x00000000de680000,0x00000000de680000,0x00000000deb80000)
 ParOldGen       total 68096K, used 9712K [0x0000000081e00000, 0x0000000086080000, 0x00000000d5f80000)
  object space 68096K, 14% used [0x0000000081e00000,0x000000008277c290,0x0000000086080000)
 Metaspace       used 20770K, capacity 21212K, committed 21248K, reserved 1069056K
  class space    used 2441K, capacity 2558K, committed 2560K, reserved 1048576K
}
Event: 1.932 GC heap before
{Heap before GC invocations=5 (full 1):
 PSYoungGen      total 71680K, used 66560K [0x00000000d5f80000, 0x00000000deb80000, 0x0000000100000000)
  eden space 66560K, 100% used [0x00000000d5f80000,0x00000000da080000,0x00000000da080000)
  from space 5120K, 0% used [0x00000000da080000,0x00000000da080000,0x00000000da580000)
  to   space 5120K, 0% used [0x00000000de680000,0x00000000de680000,0x00000000deb80000)
 ParOldGen       total 68096K, used 9712K [0x0000000081e00000, 0x0000000086080000, 0x00000000d5f80000)
  object space 68096K, 14% used [0x0000000081e00000,0x000000008277c290,0x0000000086080000)
 Metaspace       used 29223K, capacity 29811K, committed 30080K, reserved 1075200K
  class space    used 3536K, capacity 3704K, committed 3712K, reserved 1048576K
Event: 1.944 GC heap after
Heap after GC invocations=5 (full 1):
 PSYoungGen      total 99840K, used 5089K [0x00000000d5f80000, 0x00000000deb80000, 0x0000000100000000)
  eden space 94720K, 0% used [0x00000000d5f80000,0x00000000d5f80000,0x00000000dbc00000)
  from space 5120K, 99% used [0x00000000de680000,0x00000000deb78528,0x00000000deb80000)
  to   space 5120K, 0% used [0x00000000de180000,0x00000000de180000,0x00000000de680000)
 ParOldGen       total 68096K, used 20369K [0x0000000081e00000, 0x0000000086080000, 0x00000000d5f80000)
  object space 68096K, 29% used [0x0000000081e00000,0x00000000831e4768,0x0000000086080000)
 Metaspace       used 29223K, capacity 29811K, committed 30080K, reserved 1075200K
  class space    used 3536K, capacity 3704K, committed 3712K, reserved 1048576K
}
Event: 2.275 GC heap before
{Heap before GC invocations=6 (full 1):
 PSYoungGen      total 99840K, used 33811K [0x00000000d5f80000, 0x00000000deb80000, 0x0000000100000000)
  eden space 94720K, 30% used [0x00000000d5f80000,0x00000000d7b8c8a8,0x00000000dbc00000)
  from space 5120K, 99% used [0x00000000de680000,0x00000000deb78528,0x00000000deb80000)
  to   space 5120K, 0% used [0x00000000de180000,0x00000000de180000,0x00000000de680000)
 ParOldGen       total 68096K, used 20369K [0x0000000081e00000, 0x0000000086080000, 0x00000000d5f80000)
  object space 68096K, 29% used [0x0000000081e00000,0x00000000831e4768,0x0000000086080000)
 Metaspace       used 34547K, capacity 35102K, committed 35416K, reserved 1081344K
  class space    used 4404K, capacity 4545K, committed 4608K, reserved 1048576K
Event: 2.282 GC heap after
Heap after GC invocations=6 (full 1):
 PSYoungGen      total 138240K, used 5098K [0x00000000d5f80000, 0x00000000e0280000, 0x0000000100000000)
  eden space 133120K, 0% used [0x00000000d5f80000,0x00000000d5f80000,0x00000000de180000)
  from space 5120K, 99% used [0x00000000de180000,0x00000000de67a8d0,0x00000000de680000)
  to   space 15872K, 0% used [0x00000000df300000,0x00000000df300000,0x00000000e0280000)
 ParOldGen       total 68096K, used 27277K [0x0000000081e00000, 0x0000000086080000, 0x00000000d5f80000)
  object space 68096K, 40% used [0x0000000081e00000,0x00000000838a3540,0x0000000086080000)
 Metaspace       used 34547K, capacity 35102K, committed 35416K, reserved 1081344K
  class space    used 4404K, capacity 4545K, committed 4608K, reserved 1048576K
}
Event: 2.282 GC heap before
{Heap before GC invocations=7 (full 2):
 PSYoungGen      total 138240K, used 5098K [0x00000000d5f80000, 0x00000000e0280000, 0x0000000100000000)
  eden space 133120K, 0% used [0x00000000d5f80000,0x00000000d5f80000,0x00000000de180000)
  from space 5120K, 99% used [0x00000000de180000,0x00000000de67a8d0,0x00000000de680000)
  to   space 15872K, 0% used [0x00000000df300000,0x00000000df300000,0x00000000e0280000)
 ParOldGen       total 68096K, used 27277K [0x0000000081e00000, 0x0000000086080000, 0x00000000d5f80000)
  object space 68096K, 40% used [0x0000000081e00000,0x00000000838a3540,0x0000000086080000)
 Metaspace       used 34547K, capacity 35102K, committed 35416K, reserved 1081344K
  class space    used 4404K, capacity 4545K, committed 4608K, reserved 1048576K
Event: 2.333 GC heap after
Heap after GC invocations=7 (full 2):
 PSYoungGen      total 138240K, used 0K [0x00000000d5f80000, 0x00000000e0280000, 0x0000000100000000)
  eden space 133120K, 0% used [0x00000000d5f80000,0x00000000d5f80000,0x00000000de180000)
  from space 5120K, 0% used [0x00000000de180000,0x00000000de180000,0x00000000de680000)
  to   space 15872K, 0% used [0x00000000df300000,0x00000000df300000,0x00000000e0280000)
 ParOldGen       total 68096K, used 20255K [0x0000000081e00000, 0x0000000086080000, 0x00000000d5f80000)
  object space 68096K, 29% used [0x0000000081e00000,0x00000000831c7e90,0x0000000086080000)
 Metaspace       used 34547K, capacity 35102K, committed 35416K, reserved 1081344K
  class space    used 4404K, capacity 4545K, committed 4608K, reserved 1048576K
}
Event: 4.366 GC heap before
{Heap before GC invocations=8 (full 2):
 PSYoungGen      total 138240K, used 133120K [0x00000000d5f80000, 0x00000000e0280000, 0x0000000100000000)
  eden space 133120K, 100% used [0x00000000d5f80000,0x00000000de180000,0x00000000de180000)
  from space 5120K, 0% used [0x00000000de180000,0x00000000de180000,0x00000000de680000)
  to   space 15872K, 0% used [0x00000000df300000,0x00000000df300000,0x00000000e0280000)
 ParOldGen       total 68096K, used 20255K [0x0000000081e00000, 0x0000000086080000, 0x00000000d5f80000)
  object space 68096K, 29% used [0x0000000081e00000,0x00000000831c7e90,0x0000000086080000)
 Metaspace       used 45700K, capacity 46534K, committed 46848K, reserved 1089536K
  class space    used 5668K, capacity 5869K, committed 5888K, reserved 1048576K
Event: 4.384 GC heap after
Heap after GC invocations=8 (full 2):
 PSYoungGen      total 148992K, used 15857K [0x00000000d5f80000, 0x00000000e0280000, 0x0000000100000000)
  eden space 133120K, 0% used [0x00000000d5f80000,0x00000000d5f80000,0x00000000de180000)
  from space 15872K, 99% used [0x00000000df300000,0x00000000e027c588,0x00000000e0280000)
  to   space 5120K, 0% used [0x00000000de180000,0x00000000de180000,0x00000000de680000)
 ParOldGen       total 68096K, used 32068K [0x0000000081e00000, 0x0000000086080000, 0x00000000d5f80000)
  object space 68096K, 47% used [0x0000000081e00000,0x0000000083d51198,0x0000000086080000)
 Metaspace       used 45700K, capacity 46534K, committed 46848K, reserved 1089536K
  class space    used 5668K, capacity 5869K, committed 5888K, reserved 1048576K
}

