# JRE version: OpenJDK Runtime Environment (8.0_242-b01) (build 1.8.0_242-release-1644-b01)
# Java VM: OpenJDK 64-Bit Server VM (25.242-b01 mixed mode windows-amd64 compressed oops)
Heap:
 PSYoungGen      total 131584K, used 64649K [0x00000000f5580000, 0x0000000100000000, 0x0000000100000000)
  eden space 92160K, 45% used [0x00000000f5580000,0x00000000f7ea5948,0x00000000faf80000)
  from space 39424K, 57% used [0x00000000faf80000,0x00000000fc57ce30,0x00000000fd600000)
  to   space 38912K, 0% used [0x00000000fda00000,0x00000000fda00000,0x0000000100000000)
 ParOldGen       total 342016K, used 171709K [0x00000000e0000000, 0x00000000f4e00000, 0x00000000f5580000)
  object space 342016K, 50% used [0x00000000e0000000,0x00000000ea7af470,0x00000000f4e00000)
 Metaspace       used 134884K, capacity 141908K, committed 142040K, reserved 1173504K
  class space    used 17034K, capacity 18386K, committed 18432K, reserved 1048576K
GC Heap History (10 events):
Event: 1379.634 GC heap before
{Heap before GC invocations=136 (full 7):
 PSYoungGen      total 124416K, used 107203K [0x00000000f5580000, 0x00000000ff280000, 0x0000000100000000)
  eden space 88576K, 100% used [0x00000000f5580000,0x00000000fac00000,0x00000000fac00000)
  from space 35840K, 51% used [0x00000000fce80000,0x00000000fe0b0e38,0x00000000ff180000)
  to   space 35328K, 0% used [0x00000000fac00000,0x00000000fac00000,0x00000000fce80000)
 ParOldGen       total 342016K, used 169937K [0x00000000e0000000, 0x00000000f4e00000, 0x00000000f5580000)
  object space 342016K, 49% used [0x00000000e0000000,0x00000000ea5f4698,0x00000000f4e00000)
 Metaspace       used 131000K, capacity 137566K, committed 137688K, reserved 1169408K
  class space    used 16520K, capacity 17813K, committed 17920K, reserved 1048576K
Event: 1379.670 GC heap after
Heap after GC invocations=136 (full 7):
 PSYoungGen      total 123904K, used 25034K [0x00000000f5580000, 0x00000000ffb00000, 0x0000000100000000)
  eden space 88576K, 0% used [0x00000000f5580000,0x00000000f5580000,0x00000000fac00000)
  from space 35328K, 70% used [0x00000000fac00000,0x00000000fc472908,0x00000000fce80000)
  to   space 37376K, 0% used [0x00000000fd680000,0x00000000fd680000,0x00000000ffb00000)
 ParOldGen       total 342016K, used 169937K [0x00000000e0000000, 0x00000000f4e00000, 0x00000000f5580000)
  object space 342016K, 49% used [0x00000000e0000000,0x00000000ea5f4698,0x00000000f4e00000)
 Metaspace       used 131000K, capacity 137566K, committed 137688K, reserved 1169408K
  class space    used 16520K, capacity 17813K, committed 17920K, reserved 1048576K
}
Event: 1380.942 GC heap before
{Heap before GC invocations=137 (full 7):
 PSYoungGen      total 123904K, used 113610K [0x00000000f5580000, 0x00000000ffb00000, 0x0000000100000000)
  eden space 88576K, 100% used [0x00000000f5580000,0x00000000fac00000,0x00000000fac00000)
  from space 35328K, 70% used [0x00000000fac00000,0x00000000fc472908,0x00000000fce80000)
  to   space 37376K, 0% used [0x00000000fd680000,0x00000000fd680000,0x00000000ffb00000)
 ParOldGen       total 342016K, used 169937K [0x00000000e0000000, 0x00000000f4e00000, 0x00000000f5580000)
  object space 342016K, 49% used [0x00000000e0000000,0x00000000ea5f4698,0x00000000f4e00000)
 Metaspace       used 133977K, capacity 140630K, committed 140888K, reserved 1171456K
  class space    used 16931K, capacity 18217K, committed 18304K, reserved 1048576K
Event: 1380.986 GC heap after
Heap after GC invocations=137 (full 7):
 PSYoungGen      total 128512K, used 31519K [0x00000000f5580000, 0x0000000100000000, 0x0000000100000000)
  eden space 91136K, 0% used [0x00000000f5580000,0x00000000f5580000,0x00000000fae80000)
  from space 37376K, 84% used [0x00000000fd680000,0x00000000ff547f90,0x00000000ffb00000)
  to   space 40960K, 0% used [0x00000000fae80000,0x00000000fae80000,0x00000000fd680000)
 ParOldGen       total 342016K, used 169945K [0x00000000e0000000, 0x00000000f4e00000, 0x00000000f5580000)
  object space 342016K, 49% used [0x00000000e0000000,0x00000000ea5f6698,0x00000000f4e00000)
 Metaspace       used 133977K, capacity 140630K, committed 140888K, reserved 1171456K
  class space    used 16931K, capacity 18217K, committed 18304K, reserved 1048576K
}
Event: 1390.982 GC heap before
{Heap before GC invocations=138 (full 7):
 PSYoungGen      total 128512K, used 122655K [0x00000000f5580000, 0x0000000100000000, 0x0000000100000000)
  eden space 91136K, 100% used [0x00000000f5580000,0x00000000fae80000,0x00000000fae80000)
  from space 37376K, 84% used [0x00000000fd680000,0x00000000ff547f90,0x00000000ffb00000)
  to   space 40960K, 0% used [0x00000000fae80000,0x00000000fae80000,0x00000000fd680000)
 ParOldGen       total 342016K, used 169945K [0x00000000e0000000, 0x00000000f4e00000, 0x00000000f5580000)
  object space 342016K, 49% used [0x00000000e0000000,0x00000000ea5f6698,0x00000000f4e00000)
 Metaspace       used 134457K, capacity 141212K, committed 141400K, reserved 1173504K
  class space    used 16978K, capacity 18282K, committed 18304K, reserved 1048576K
Event: 1391.049 GC heap after
Heap after GC invocations=138 (full 7):
 PSYoungGen      total 132096K, used 23632K [0x00000000f5580000, 0x0000000100000000, 0x0000000100000000)
  eden space 91136K, 0% used [0x00000000f5580000,0x00000000f5580000,0x00000000fae80000)
  from space 40960K, 57% used [0x00000000fae80000,0x00000000fc594030,0x00000000fd680000)
  to   space 41472K, 0% used [0x00000000fd780000,0x00000000fd780000,0x0000000100000000)
 ParOldGen       total 342016K, used 169953K [0x00000000e0000000, 0x00000000f4e00000, 0x00000000f5580000)
  object space 342016K, 49% used [0x00000000e0000000,0x00000000ea5f8698,0x00000000f4e00000)
 Metaspace       used 134457K, capacity 141212K, committed 141400K, reserved 1173504K
  class space    used 16978K, capacity 18282K, committed 18304K, reserved 1048576K
}
Event: 1430.225 GC heap before
{Heap before GC invocations=139 (full 7):
 PSYoungGen      total 132096K, used 114768K [0x00000000f5580000, 0x0000000100000000, 0x0000000100000000)
  eden space 91136K, 100% used [0x00000000f5580000,0x00000000fae80000,0x00000000fae80000)
  from space 40960K, 57% used [0x00000000fae80000,0x00000000fc594030,0x00000000fd680000)
  to   space 41472K, 0% used [0x00000000fd780000,0x00000000fd780000,0x0000000100000000)
 ParOldGen       total 342016K, used 169953K [0x00000000e0000000, 0x00000000f4e00000, 0x00000000f5580000)
  object space 342016K, 49% used [0x00000000e0000000,0x00000000ea5f8698,0x00000000f4e00000)
 Metaspace       used 134574K, capacity 141436K, committed 141784K, reserved 1173504K
  class space    used 16997K, capacity 18318K, committed 18432K, reserved 1048576K
Event: 1430.239 GC heap after
Heap after GC invocations=139 (full 7):
 PSYoungGen      total 130048K, used 15955K [0x00000000f5580000, 0x00000000ffc80000, 0x0000000100000000)
  eden space 92160K, 0% used [0x00000000f5580000,0x00000000f5580000,0x00000000faf80000)
  from space 37888K, 42% used [0x00000000fd780000,0x00000000fe714e10,0x00000000ffc80000)
  to   space 39424K, 0% used [0x00000000faf80000,0x00000000faf80000,0x00000000fd600000)
 ParOldGen       total 342016K, used 171693K [0x00000000e0000000, 0x00000000f4e00000, 0x00000000f5580000)
  object space 342016K, 50% used [0x00000000e0000000,0x00000000ea7ab470,0x00000000f4e00000)
 Metaspace       used 134574K, capacity 141436K, committed 141784K, reserved 1173504K
  class space    used 16997K, capacity 18318K, committed 18432K, reserved 1048576K
}
Event: 1430.930 GC heap before
{Heap before GC invocations=140 (full 7):
 PSYoungGen      total 130048K, used 108115K [0x00000000f5580000, 0x00000000ffc80000, 0x0000000100000000)
  eden space 92160K, 100% used [0x00000000f5580000,0x00000000faf80000,0x00000000faf80000)
  from space 37888K, 42% used [0x00000000fd780000,0x00000000fe714e10,0x00000000ffc80000)
  to   space 39424K, 0% used [0x00000000faf80000,0x00000000faf80000,0x00000000fd600000)
 ParOldGen       total 342016K, used 171693K [0x00000000e0000000, 0x00000000f4e00000, 0x00000000f5580000)
  object space 342016K, 50% used [0x00000000e0000000,0x00000000ea7ab470,0x00000000f4e00000)
 Metaspace       used 134871K, capacity 141908K, committed 142040K, reserved 1173504K
  class space    used 17034K, capacity 18386K, committed 18432K, reserved 1048576K
Event: 1430.954 GC heap after
Heap after GC invocations=140 (full 7):
 PSYoungGen      total 131584K, used 22515K [0x00000000f5580000, 0x0000000100000000, 0x0000000100000000)
  eden space 92160K, 0% used [0x00000000f5580000,0x00000000f5580000,0x00000000faf80000)
  from space 39424K, 57% used [0x00000000faf80000,0x00000000fc57ce30,0x00000000fd600000)
  to   space 38912K, 0% used [0x00000000fda00000,0x00000000fda00000,0x0000000100000000)
 ParOldGen       total 342016K, used 171709K [0x00000000e0000000, 0x00000000f4e00000, 0x00000000f5580000)
  object space 342016K, 50% used [0x00000000e0000000,0x00000000ea7af470,0x00000000f4e00000)
 Metaspace       used 134871K, capacity 141908K, committed 142040K, reserved 1173504K
  class space    used 17034K, capacity 18386K, committed 18432K, reserved 1048576K
}

