# JRE version: OpenJDK Runtime Environment (8.0_242-b01) (build 1.8.0_242-release-1644-b01)
# Java VM: OpenJDK 64-Bit Server VM (25.242-b01 mixed mode windows-amd64 compressed oops)
Heap:
 PSYoungGen      total 161792K, used 33016K [0x00000000d5f80000, 0x00000000e4780000, 0x0000000100000000)
  eden space 128512K, 25% used [0x00000000d5f80000,0x00000000d7fbe3f0,0x00000000ddd00000)
  from space 33280K, 0% used [0x00000000e2700000,0x00000000e2700000,0x00000000e4780000)
  to   space 24064K, 0% used [0x00000000ddd00000,0x00000000ddd00000,0x00000000df480000)
 ParOldGen       total 116736K, used 43162K [0x0000000081e00000, 0x0000000089000000, 0x00000000d5f80000)
  object space 116736K, 36% used [0x0000000081e00000,0x0000000084826808,0x0000000089000000)
 Metaspace       used 59362K, capacity 60470K, committed 60564K, reserved 1101824K
  class space    used 7113K, capacity 7381K, committed 7424K, reserved 1048576K
GC Heap History (10 events):
Event: 2.288 GC heap before
{Heap before GC invocations=7 (full 2):
 PSYoungGen      total 138240K, used 5090K [0x00000000d5f80000, 0x00000000e0400000, 0x0000000100000000)
  eden space 133120K, 0% used [0x00000000d5f80000,0x00000000d5f80000,0x00000000de180000)
  from space 5120K, 99% used [0x00000000de180000,0x00000000de678908,0x00000000de680000)
  to   space 15872K, 0% used [0x00000000df480000,0x00000000df480000,0x00000000e0400000)
 ParOldGen       total 68096K, used 27320K [0x0000000081e00000, 0x0000000086080000, 0x00000000d5f80000)
  object space 68096K, 40% used [0x0000000081e00000,0x00000000838ae308,0x0000000086080000)
 Metaspace       used 34643K, capacity 35210K, committed 35416K, reserved 1081344K
  class space    used 4415K, capacity 4581K, committed 4608K, reserved 1048576K
Event: 2.337 GC heap after
Heap after GC invocations=7 (full 2):
 PSYoungGen      total 138240K, used 0K [0x00000000d5f80000, 0x00000000e0400000, 0x0000000100000000)
  eden space 133120K, 0% used [0x00000000d5f80000,0x00000000d5f80000,0x00000000de180000)
  from space 5120K, 0% used [0x00000000de180000,0x00000000de180000,0x00000000de680000)
  to   space 15872K, 0% used [0x00000000df480000,0x00000000df480000,0x00000000e0400000)
 ParOldGen       total 116736K, used 19952K [0x0000000081e00000, 0x0000000089000000, 0x00000000d5f80000)
  object space 116736K, 17% used [0x0000000081e00000,0x000000008317c0c8,0x0000000089000000)
 Metaspace       used 34643K, capacity 35210K, committed 35416K, reserved 1081344K
  class space    used 4415K, capacity 4581K, committed 4608K, reserved 1048576K
}
Event: 4.196 GC heap before
{Heap before GC invocations=8 (full 2):
 PSYoungGen      total 138240K, used 133120K [0x00000000d5f80000, 0x00000000e0400000, 0x0000000100000000)
  eden space 133120K, 100% used [0x00000000d5f80000,0x00000000de180000,0x00000000de180000)
  from space 5120K, 0% used [0x00000000de180000,0x00000000de180000,0x00000000de680000)
  to   space 15872K, 0% used [0x00000000df480000,0x00000000df480000,0x00000000e0400000)
 ParOldGen       total 116736K, used 19952K [0x0000000081e00000, 0x0000000089000000, 0x00000000d5f80000)
  object space 116736K, 17% used [0x0000000081e00000,0x000000008317c0c8,0x0000000089000000)
 Metaspace       used 45185K, capacity 46004K, committed 46336K, reserved 1089536K
  class space    used 5593K, capacity 5800K, committed 5888K, reserved 1048576K
Event: 4.222 GC heap after
Heap after GC invocations=8 (full 2):
 PSYoungGen      total 144384K, used 15849K [0x00000000d5f80000, 0x00000000e3d80000, 0x0000000100000000)
  eden space 128512K, 0% used [0x00000000d5f80000,0x00000000d5f80000,0x00000000ddd00000)
  from space 15872K, 99% used [0x00000000df480000,0x00000000e03fa4c8,0x00000000e0400000)
  to   space 24064K, 0% used [0x00000000ddd00000,0x00000000ddd00000,0x00000000df480000)
 ParOldGen       total 116736K, used 31432K [0x0000000081e00000, 0x0000000089000000, 0x00000000d5f80000)
  object space 116736K, 26% used [0x0000000081e00000,0x0000000083cb2328,0x0000000089000000)
 Metaspace       used 45185K, capacity 46004K, committed 46336K, reserved 1089536K
  class space    used 5593K, capacity 5800K, committed 5888K, reserved 1048576K
}
Event: 6.647 GC heap before
{Heap before GC invocations=9 (full 2):
 PSYoungGen      total 144384K, used 144361K [0x00000000d5f80000, 0x00000000e3d80000, 0x0000000100000000)
  eden space 128512K, 100% used [0x00000000d5f80000,0x00000000ddd00000,0x00000000ddd00000)
  from space 15872K, 99% used [0x00000000df480000,0x00000000e03fa4c8,0x00000000e0400000)
  to   space 24064K, 0% used [0x00000000ddd00000,0x00000000ddd00000,0x00000000df480000)
 ParOldGen       total 116736K, used 31432K [0x0000000081e00000, 0x0000000089000000, 0x00000000d5f80000)
  object space 116736K, 26% used [0x0000000081e00000,0x0000000083cb2328,0x0000000089000000)
 Metaspace       used 55324K, capacity 56414K, committed 56576K, reserved 1099776K
  class space    used 6580K, capacity 6851K, committed 6912K, reserved 1048576K
Event: 6.678 GC heap after
Heap after GC invocations=9 (full 2):
 PSYoungGen      total 152576K, used 24049K [0x00000000d5f80000, 0x00000000e4780000, 0x0000000100000000)
  eden space 128512K, 0% used [0x00000000d5f80000,0x00000000d5f80000,0x00000000ddd00000)
  from space 24064K, 99% used [0x00000000ddd00000,0x00000000df47c538,0x00000000df480000)
  to   space 33280K, 0% used [0x00000000e2700000,0x00000000e2700000,0x00000000e4780000)
 ParOldGen       total 116736K, used 42485K [0x0000000081e00000, 0x0000000089000000, 0x00000000d5f80000)
  object space 116736K, 36% used [0x0000000081e00000,0x000000008477d690,0x0000000089000000)
 Metaspace       used 55324K, capacity 56414K, committed 56576K, reserved 1099776K
  class space    used 6580K, capacity 6851K, committed 6912K, reserved 1048576K
}
Event: 6.823 GC heap before
{Heap before GC invocations=10 (full 2):
 PSYoungGen      total 152576K, used 34424K [0x00000000d5f80000, 0x00000000e4780000, 0x0000000100000000)
  eden space 128512K, 8% used [0x00000000d5f80000,0x00000000d69a1dc8,0x00000000ddd00000)
  from space 24064K, 99% used [0x00000000ddd00000,0x00000000df47c538,0x00000000df480000)
  to   space 33280K, 0% used [0x00000000e2700000,0x00000000e2700000,0x00000000e4780000)
 ParOldGen       total 116736K, used 42485K [0x0000000081e00000, 0x0000000089000000, 0x00000000d5f80000)
  object space 116736K, 36% used [0x0000000081e00000,0x000000008477d690,0x0000000089000000)
 Metaspace       used 57853K, capacity 58878K, committed 59028K, reserved 1101824K
  class space    used 6895K, capacity 7139K, committed 7168K, reserved 1048576K
Event: 6.842 GC heap after
Heap after GC invocations=10 (full 2):
 PSYoungGen      total 161792K, used 24875K [0x00000000d5f80000, 0x00000000e4780000, 0x0000000100000000)
  eden space 128512K, 0% used [0x00000000d5f80000,0x00000000d5f80000,0x00000000ddd00000)
  from space 33280K, 74% used [0x00000000e2700000,0x00000000e3f4acf8,0x00000000e4780000)
  to   space 24064K, 0% used [0x00000000ddd00000,0x00000000ddd00000,0x00000000df480000)
 ParOldGen       total 116736K, used 42493K [0x0000000081e00000, 0x0000000089000000, 0x00000000d5f80000)
  object space 116736K, 36% used [0x0000000081e00000,0x000000008477f690,0x0000000089000000)
 Metaspace       used 57853K, capacity 58878K, committed 59028K, reserved 1101824K
  class space    used 6895K, capacity 7139K, committed 7168K, reserved 1048576K
}
Event: 6.842 GC heap before
{Heap before GC invocations=11 (full 3):
 PSYoungGen      total 161792K, used 24875K [0x00000000d5f80000, 0x00000000e4780000, 0x0000000100000000)
  eden space 128512K, 0% used [0x00000000d5f80000,0x00000000d5f80000,0x00000000ddd00000)
  from space 33280K, 74% used [0x00000000e2700000,0x00000000e3f4acf8,0x00000000e4780000)
  to   space 24064K, 0% used [0x00000000ddd00000,0x00000000ddd00000,0x00000000df480000)
 ParOldGen       total 116736K, used 42493K [0x0000000081e00000, 0x0000000089000000, 0x00000000d5f80000)
  object space 116736K, 36% used [0x0000000081e00000,0x000000008477f690,0x0000000089000000)
 Metaspace       used 57853K, capacity 58878K, committed 59028K, reserved 1101824K
  class space    used 6895K, capacity 7139K, committed 7168K, reserved 1048576K
Event: 7.059 GC heap after
Heap after GC invocations=11 (full 3):
 PSYoungGen      total 161792K, used 0K [0x00000000d5f80000, 0x00000000e4780000, 0x0000000100000000)
  eden space 128512K, 0% used [0x00000000d5f80000,0x00000000d5f80000,0x00000000ddd00000)
  from space 33280K, 0% used [0x00000000e2700000,0x00000000e2700000,0x00000000e4780000)
  to   space 24064K, 0% used [0x00000000ddd00000,0x00000000ddd00000,0x00000000df480000)
 ParOldGen       total 116736K, used 43162K [0x0000000081e00000, 0x0000000089000000, 0x00000000d5f80000)
  object space 116736K, 36% used [0x0000000081e00000,0x0000000084826808,0x0000000089000000)
 Metaspace       used 57853K, capacity 58878K, committed 59028K, reserved 1101824K
  class space    used 6895K, capacity 7139K, committed 7168K, reserved 1048576K
}

