# JRE version: OpenJDK Runtime Environment (8.0_242-b01) (build 1.8.0_242-release-1644-b01)
# Java VM: OpenJDK 64-Bit Server VM (25.242-b01 mixed mode windows-amd64 compressed oops)
Heap:
 PSYoungGen      total 101376K, used 73979K [0x00000000d5f80000, 0x00000000deb80000, 0x0000000100000000)
  eden space 96256K, 76% used [0x00000000d5f80000,0x00000000da7bed38,0x00000000dbd80000)
  from space 5120K, 0% used [0x00000000de180000,0x00000000de180000,0x00000000de680000)
  to   space 5120K, 0% used [0x00000000de680000,0x00000000de680000,0x00000000deb80000)
 ParOldGen       total 67072K, used 20176K [0x0000000081e00000, 0x0000000085f80000, 0x00000000d5f80000)
  object space 67072K, 30% used [0x0000000081e00000,0x00000000831b4088,0x0000000085f80000)
 Metaspace       used 42395K, capacity 43176K, committed 43520K, reserved 1087488K
  class space    used 5392K, capacity 5588K, committed 5632K, reserved 1048576K
GC Heap History (10 events):
Event: 1.132 GC heap before
{Heap before GC invocations=3 (full 0):
 PSYoungGen      total 71680K, used 25503K [0x00000000d5f80000, 0x00000000daa80000, 0x0000000100000000)
  eden space 66560K, 30% used [0x00000000d5f80000,0x00000000d736c700,0x00000000da080000)
  from space 5120K, 99% used [0x00000000da580000,0x00000000daa7b510,0x00000000daa80000)
  to   space 5120K, 0% used [0x00000000da080000,0x00000000da080000,0x00000000da580000)
 ParOldGen       total 87552K, used 8020K [0x0000000081e00000, 0x0000000087380000, 0x00000000d5f80000)
  object space 87552K, 9% used [0x0000000081e00000,0x00000000825d5288,0x0000000087380000)
 Metaspace       used 20811K, capacity 21208K, committed 21248K, reserved 1069056K
  class space    used 2450K, capacity 2558K, committed 2560K, reserved 1048576K
Event: 1.139 GC heap after
Heap after GC invocations=3 (full 0):
 PSYoungGen      total 71680K, used 5089K [0x00000000d5f80000, 0x00000000deb80000, 0x0000000100000000)
  eden space 66560K, 0% used [0x00000000d5f80000,0x00000000d5f80000,0x00000000da080000)
  from space 5120K, 99% used [0x00000000da080000,0x00000000da578520,0x00000000da580000)
  to   space 5120K, 0% used [0x00000000de680000,0x00000000de680000,0x00000000deb80000)
 ParOldGen       total 87552K, used 12536K [0x0000000081e00000, 0x0000000087380000, 0x00000000d5f80000)
  object space 87552K, 14% used [0x0000000081e00000,0x0000000082a3e320,0x0000000087380000)
 Metaspace       used 20811K, capacity 21208K, committed 21248K, reserved 1069056K
  class space    used 2450K, capacity 2558K, committed 2560K, reserved 1048576K
}
Event: 1.139 GC heap before
{Heap before GC invocations=4 (full 1):
 PSYoungGen      total 71680K, used 5089K [0x00000000d5f80000, 0x00000000deb80000, 0x0000000100000000)
  eden space 66560K, 0% used [0x00000000d5f80000,0x00000000d5f80000,0x00000000da080000)
  from space 5120K, 99% used [0x00000000da080000,0x00000000da578520,0x00000000da580000)
  to   space 5120K, 0% used [0x00000000de680000,0x00000000de680000,0x00000000deb80000)
 ParOldGen       total 87552K, used 12536K [0x0000000081e00000, 0x0000000087380000, 0x00000000d5f80000)
  object space 87552K, 14% used [0x0000000081e00000,0x0000000082a3e320,0x0000000087380000)
 Metaspace       used 20811K, capacity 21208K, committed 21248K, reserved 1069056K
  class space    used 2450K, capacity 2558K, committed 2560K, reserved 1048576K
Event: 1.164 GC heap after
Heap after GC invocations=4 (full 1):
 PSYoungGen      total 71680K, used 0K [0x00000000d5f80000, 0x00000000deb80000, 0x0000000100000000)
  eden space 66560K, 0% used [0x00000000d5f80000,0x00000000d5f80000,0x00000000da080000)
  from space 5120K, 0% used [0x00000000da080000,0x00000000da080000,0x00000000da580000)
  to   space 5120K, 0% used [0x00000000de680000,0x00000000de680000,0x00000000deb80000)
 ParOldGen       total 67072K, used 9712K [0x0000000081e00000, 0x0000000085f80000, 0x00000000d5f80000)
  object space 67072K, 14% used [0x0000000081e00000,0x000000008277c3a0,0x0000000085f80000)
 Metaspace       used 20811K, capacity 21208K, committed 21248K, reserved 1069056K
  class space    used 2450K, capacity 2558K, committed 2560K, reserved 1048576K
}
Event: 1.950 GC heap before
{Heap before GC invocations=5 (full 1):
 PSYoungGen      total 71680K, used 66560K [0x00000000d5f80000, 0x00000000deb80000, 0x0000000100000000)
  eden space 66560K, 100% used [0x00000000d5f80000,0x00000000da080000,0x00000000da080000)
  from space 5120K, 0% used [0x00000000da080000,0x00000000da080000,0x00000000da580000)
  to   space 5120K, 0% used [0x00000000de680000,0x00000000de680000,0x00000000deb80000)
 ParOldGen       total 67072K, used 9712K [0x0000000081e00000, 0x0000000085f80000, 0x00000000d5f80000)
  object space 67072K, 14% used [0x0000000081e00000,0x000000008277c3a0,0x0000000085f80000)
 Metaspace       used 29322K, capacity 29875K, committed 30080K, reserved 1075200K
  class space    used 3546K, capacity 3704K, committed 3712K, reserved 1048576K
Event: 1.961 GC heap after
Heap after GC invocations=5 (full 1):
 PSYoungGen      total 101376K, used 5090K [0x00000000d5f80000, 0x00000000deb80000, 0x0000000100000000)
  eden space 96256K, 0% used [0x00000000d5f80000,0x00000000d5f80000,0x00000000dbd80000)
  from space 5120K, 99% used [0x00000000de680000,0x00000000deb78918,0x00000000deb80000)
  to   space 5120K, 0% used [0x00000000de180000,0x00000000de180000,0x00000000de680000)
 ParOldGen       total 67072K, used 20396K [0x0000000081e00000, 0x0000000085f80000, 0x00000000d5f80000)
  object space 67072K, 30% used [0x0000000081e00000,0x00000000831eb280,0x0000000085f80000)
 Metaspace       used 29322K, capacity 29875K, committed 30080K, reserved 1075200K
  class space    used 3546K, capacity 3704K, committed 3712K, reserved 1048576K
}
Event: 2.315 GC heap before
{Heap before GC invocations=6 (full 1):
 PSYoungGen      total 101376K, used 32275K [0x00000000d5f80000, 0x00000000deb80000, 0x0000000100000000)
  eden space 96256K, 28% used [0x00000000d5f80000,0x00000000d7a0c558,0x00000000dbd80000)
  from space 5120K, 99% used [0x00000000de680000,0x00000000deb78918,0x00000000deb80000)
  to   space 5120K, 0% used [0x00000000de180000,0x00000000de180000,0x00000000de680000)
 ParOldGen       total 67072K, used 20396K [0x0000000081e00000, 0x0000000085f80000, 0x00000000d5f80000)
  object space 67072K, 30% used [0x0000000081e00000,0x00000000831eb280,0x0000000085f80000)
 Metaspace       used 34542K, capacity 35102K, committed 35416K, reserved 1081344K
  class space    used 4402K, capacity 4545K, committed 4608K, reserved 1048576K
Event: 2.323 GC heap after
Heap after GC invocations=6 (full 1):
 PSYoungGen      total 101376K, used 5090K [0x00000000d5f80000, 0x00000000deb80000, 0x0000000100000000)
  eden space 96256K, 0% used [0x00000000d5f80000,0x00000000d5f80000,0x00000000dbd80000)
  from space 5120K, 99% used [0x00000000de180000,0x00000000de678908,0x00000000de680000)
  to   space 5120K, 0% used [0x00000000de680000,0x00000000de680000,0x00000000deb80000)
 ParOldGen       total 67072K, used 27214K [0x0000000081e00000, 0x0000000085f80000, 0x00000000d5f80000)
  object space 67072K, 40% used [0x0000000081e00000,0x0000000083893a28,0x0000000085f80000)
 Metaspace       used 34542K, capacity 35102K, committed 35416K, reserved 1081344K
  class space    used 4402K, capacity 4545K, committed 4608K, reserved 1048576K
}
Event: 2.323 GC heap before
{Heap before GC invocations=7 (full 2):
 PSYoungGen      total 101376K, used 5090K [0x00000000d5f80000, 0x00000000deb80000, 0x0000000100000000)
  eden space 96256K, 0% used [0x00000000d5f80000,0x00000000d5f80000,0x00000000dbd80000)
  from space 5120K, 99% used [0x00000000de180000,0x00000000de678908,0x00000000de680000)
  to   space 5120K, 0% used [0x00000000de680000,0x00000000de680000,0x00000000deb80000)
 ParOldGen       total 67072K, used 27214K [0x0000000081e00000, 0x0000000085f80000, 0x00000000d5f80000)
  object space 67072K, 40% used [0x0000000081e00000,0x0000000083893a28,0x0000000085f80000)
 Metaspace       used 34542K, capacity 35102K, committed 35416K, reserved 1081344K
  class space    used 4402K, capacity 4545K, committed 4608K, reserved 1048576K
Event: 2.377 GC heap after
Heap after GC invocations=7 (full 2):
 PSYoungGen      total 101376K, used 0K [0x00000000d5f80000, 0x00000000deb80000, 0x0000000100000000)
  eden space 96256K, 0% used [0x00000000d5f80000,0x00000000d5f80000,0x00000000dbd80000)
  from space 5120K, 0% used [0x00000000de180000,0x00000000de180000,0x00000000de680000)
  to   space 5120K, 0% used [0x00000000de680000,0x00000000de680000,0x00000000deb80000)
 ParOldGen       total 67072K, used 20176K [0x0000000081e00000, 0x0000000085f80000, 0x00000000d5f80000)
  object space 67072K, 30% used [0x0000000081e00000,0x00000000831b4088,0x0000000085f80000)
 Metaspace       used 34542K, capacity 35102K, committed 35416K, reserved 1081344K
  class space    used 4402K, capacity 4545K, committed 4608K, reserved 1048576K
}

