# JRE version: OpenJDK Runtime Environment (8.0_242-b01) (build 1.8.0_242-release-1644-b01)
# Java VM: OpenJDK 64-Bit Server VM (25.242-b01 mixed mode windows-amd64 compressed oops)
Heap:
 PSYoungGen      total 137216K, used 11601K [0x00000000f5580000, 0x00000000ffa80000, 0x0000000100000000)
  eden space 105472K, 0% used [0x00000000f5580000,0x00000000f5580000,0x00000000fbc80000)
  from space 31744K, 36% used [0x00000000fbc80000,0x00000000fc7d44b0,0x00000000fdb80000)
  to   space 30208K, 0% used [0x00000000fdd00000,0x00000000fdd00000,0x00000000ffa80000)
 ParOldGen       total 185344K, used 169841K [0x00000000e0000000, 0x00000000eb500000, 0x00000000f5580000)
  object space 185344K, 91% used [0x00000000e0000000,0x00000000ea5dc588,0x00000000eb500000)
 Metaspace       used 108623K, capacity 115328K, committed 115544K, reserved 1148928K
  class space    used 14367K, capacity 15610K, committed 15744K, reserved 1048576K
GC Heap History (10 events):
Event: 3473.109 GC heap after
Heap after GC invocations=29 (full 4):
 PSYoungGen      total 138240K, used 8107K [0x00000000f5580000, 0x0000000100000000, 0x0000000100000000)
  eden space 101888K, 0% used [0x00000000f5580000,0x00000000f5580000,0x00000000fb900000)
  from space 36352K, 22% used [0x00000000fb900000,0x00000000fc0eae40,0x00000000fdc80000)
  to   space 35840K, 0% used [0x00000000fdd00000,0x00000000fdd00000,0x0000000100000000)
 ParOldGen       total 185344K, used 117423K [0x00000000e0000000, 0x00000000eb500000, 0x00000000f5580000)
  object space 185344K, 63% used [0x00000000e0000000,0x00000000e72abf48,0x00000000eb500000)
 Metaspace       used 107691K, capacity 114260K, committed 114392K, reserved 1148928K
  class space    used 14303K, capacity 15530K, committed 15616K, reserved 1048576K
}
Event: 3473.317 GC heap before
{Heap before GC invocations=30 (full 4):
 PSYoungGen      total 138240K, used 109995K [0x00000000f5580000, 0x0000000100000000, 0x0000000100000000)
  eden space 101888K, 100% used [0x00000000f5580000,0x00000000fb900000,0x00000000fb900000)
  from space 36352K, 22% used [0x00000000fb900000,0x00000000fc0eae40,0x00000000fdc80000)
  to   space 35840K, 0% used [0x00000000fdd00000,0x00000000fdd00000,0x0000000100000000)
 ParOldGen       total 185344K, used 117423K [0x00000000e0000000, 0x00000000eb500000, 0x00000000f5580000)
  object space 185344K, 63% used [0x00000000e0000000,0x00000000e72abf48,0x00000000eb500000)
 Metaspace       used 107795K, capacity 114366K, committed 114648K, reserved 1148928K
  class space    used 14323K, capacity 15565K, committed 15616K, reserved 1048576K
Event: 3473.336 GC heap after
Heap after GC invocations=30 (full 4):
 PSYoungGen      total 136704K, used 19728K [0x00000000f5580000, 0x00000000ffe80000, 0x0000000100000000)
  eden space 102400K, 0% used [0x00000000f5580000,0x00000000f5580000,0x00000000fb980000)
  from space 34304K, 57% used [0x00000000fdd00000,0x00000000ff0442f8,0x00000000ffe80000)
  to   space 35328K, 0% used [0x00000000fb980000,0x00000000fb980000,0x00000000fdc00000)
 ParOldGen       total 185344K, used 123682K [0x00000000e0000000, 0x00000000eb500000, 0x00000000f5580000)
  object space 185344K, 66% used [0x00000000e0000000,0x00000000e78c89b0,0x00000000eb500000)
 Metaspace       used 107795K, capacity 114366K, committed 114648K, reserved 1148928K
  class space    used 14323K, capacity 15565K, committed 15616K, reserved 1048576K
}
Event: 3473.694 GC heap before
{Heap before GC invocations=31 (full 4):
 PSYoungGen      total 136704K, used 122128K [0x00000000f5580000, 0x00000000ffe80000, 0x0000000100000000)
  eden space 102400K, 100% used [0x00000000f5580000,0x00000000fb980000,0x00000000fb980000)
  from space 34304K, 57% used [0x00000000fdd00000,0x00000000ff0442f8,0x00000000ffe80000)
  to   space 35328K, 0% used [0x00000000fb980000,0x00000000fb980000,0x00000000fdc00000)
 ParOldGen       total 185344K, used 123682K [0x00000000e0000000, 0x00000000eb500000, 0x00000000f5580000)
  object space 185344K, 66% used [0x00000000e0000000,0x00000000e78c89b0,0x00000000eb500000)
 Metaspace       used 108403K, capacity 114946K, committed 115160K, reserved 1148928K
  class space    used 14350K, capacity 15567K, committed 15616K, reserved 1048576K
Event: 3473.741 GC heap after
Heap after GC invocations=31 (full 4):
 PSYoungGen      total 137728K, used 16163K [0x00000000f5580000, 0x00000000ffe00000, 0x0000000100000000)
  eden space 102400K, 0% used [0x00000000f5580000,0x00000000f5580000,0x00000000fb980000)
  from space 35328K, 45% used [0x00000000fb980000,0x00000000fc948f60,0x00000000fdc00000)
  to   space 33792K, 0% used [0x00000000fdd00000,0x00000000fdd00000,0x00000000ffe00000)
 ParOldGen       total 185344K, used 141015K [0x00000000e0000000, 0x00000000eb500000, 0x00000000f5580000)
  object space 185344K, 76% used [0x00000000e0000000,0x00000000e89b5d90,0x00000000eb500000)
 Metaspace       used 108403K, capacity 114946K, committed 115160K, reserved 1148928K
  class space    used 14350K, capacity 15567K, committed 15616K, reserved 1048576K
}
Event: 3474.027 GC heap before
{Heap before GC invocations=32 (full 4):
 PSYoungGen      total 137728K, used 118563K [0x00000000f5580000, 0x00000000ffe00000, 0x0000000100000000)
  eden space 102400K, 100% used [0x00000000f5580000,0x00000000fb980000,0x00000000fb980000)
  from space 35328K, 45% used [0x00000000fb980000,0x00000000fc948f60,0x00000000fdc00000)
  to   space 33792K, 0% used [0x00000000fdd00000,0x00000000fdd00000,0x00000000ffe00000)
 ParOldGen       total 185344K, used 141015K [0x00000000e0000000, 0x00000000eb500000, 0x00000000f5580000)
  object space 185344K, 76% used [0x00000000e0000000,0x00000000e89b5d90,0x00000000eb500000)
 Metaspace       used 108550K, capacity 115180K, committed 115416K, reserved 1148928K
  class space    used 14363K, capacity 15606K, committed 15616K, reserved 1048576K
Event: 3474.053 GC heap after
Heap after GC invocations=32 (full 4):
 PSYoungGen      total 135680K, used 16098K [0x00000000f5580000, 0x00000000ffa80000, 0x0000000100000000)
  eden space 105472K, 0% used [0x00000000f5580000,0x00000000f5580000,0x00000000fbc80000)
  from space 30208K, 53% used [0x00000000fdd00000,0x00000000fecb8ac8,0x00000000ffa80000)
  to   space 31744K, 0% used [0x00000000fbc80000,0x00000000fbc80000,0x00000000fdb80000)
 ParOldGen       total 185344K, used 155075K [0x00000000e0000000, 0x00000000eb500000, 0x00000000f5580000)
  object space 185344K, 83% used [0x00000000e0000000,0x00000000e9770e20,0x00000000eb500000)
 Metaspace       used 108550K, capacity 115180K, committed 115416K, reserved 1148928K
  class space    used 14363K, capacity 15606K, committed 15616K, reserved 1048576K
}
Event: 3474.415 GC heap before
{Heap before GC invocations=33 (full 4):
 PSYoungGen      total 135680K, used 121458K [0x00000000f5580000, 0x00000000ffa80000, 0x0000000100000000)
  eden space 105472K, 99% used [0x00000000f5580000,0x00000000fbc63e38,0x00000000fbc80000)
  from space 30208K, 53% used [0x00000000fdd00000,0x00000000fecb8ac8,0x00000000ffa80000)
  to   space 31744K, 0% used [0x00000000fbc80000,0x00000000fbc80000,0x00000000fdb80000)
 ParOldGen       total 185344K, used 155075K [0x00000000e0000000, 0x00000000eb500000, 0x00000000f5580000)
  object space 185344K, 83% used [0x00000000e0000000,0x00000000e9770e20,0x00000000eb500000)
 Metaspace       used 108623K, capacity 115328K, committed 115544K, reserved 1148928K
  class space    used 14367K, capacity 15610K, committed 15744K, reserved 1048576K
Event: 3474.446 GC heap after
Heap after GC invocations=33 (full 4):
 PSYoungGen      total 137216K, used 11601K [0x00000000f5580000, 0x00000000ffa80000, 0x0000000100000000)
  eden space 105472K, 0% used [0x00000000f5580000,0x00000000f5580000,0x00000000fbc80000)
  from space 31744K, 36% used [0x00000000fbc80000,0x00000000fc7d44b0,0x00000000fdb80000)
  to   space 30208K, 0% used [0x00000000fdd00000,0x00000000fdd00000,0x00000000ffa80000)
 ParOldGen       total 185344K, used 169841K [0x00000000e0000000, 0x00000000eb500000, 0x00000000f5580000)
  object space 185344K, 91% used [0x00000000e0000000,0x00000000ea5dc588,0x00000000eb500000)
 Metaspace       used 108623K, capacity 115328K, committed 115544K, reserved 1148928K
  class space    used 14367K, capacity 15610K, committed 15744K, reserved 1048576K
}
Event: 3474.446 GC heap before
{Heap before GC invocations=34 (full 5):
 PSYoungGen      total 137216K, used 11601K [0x00000000f5580000, 0x00000000ffa80000, 0x0000000100000000)
  eden space 105472K, 0% used [0x00000000f5580000,0x00000000f5580000,0x00000000fbc80000)
  from space 31744K, 36% used [0x00000000fbc80000,0x00000000fc7d44b0,0x00000000fdb80000)
  to   space 30208K, 0% used [0x00000000fdd00000,0x00000000fdd00000,0x00000000ffa80000)
 ParOldGen       total 185344K, used 169841K [0x00000000e0000000, 0x00000000eb500000, 0x00000000f5580000)
  object space 185344K, 91% used [0x00000000e0000000,0x00000000ea5dc588,0x00000000eb500000)
 Metaspace       used 108623K, capacity 115328K, committed 115544K, reserved 1148928K
  class space    used 14367K, capacity 15610K, committed 15744K, reserved 1048576K

