# JRE version: OpenJDK Runtime Environment (8.0_242-b01) (build 1.8.0_242-release-1644-b01)
# Java VM: OpenJDK 64-Bit Server VM (25.242-b01 mixed mode windows-amd64 compressed oops)
Heap:
 PSYoungGen      total 151040K, used 88679K [0x00000000d5f80000, 0x00000000e3f00000, 0x0000000100000000)
  eden space 126976K, 50% used [0x00000000d5f80000,0x00000000d9e9a920,0x00000000ddb80000)
  from space 24064K, 99% used [0x00000000ddb80000,0x00000000df2ff460,0x00000000df300000)
  to   space 34304K, 0% used [0x00000000e1d80000,0x00000000e1d80000,0x00000000e3f00000)
 ParOldGen       total 119296K, used 44231K [0x0000000081e00000, 0x0000000089280000, 0x00000000d5f80000)
  object space 119296K, 37% used [0x0000000081e00000,0x0000000084931e40,0x0000000089280000)
 Metaspace       used 56875K, capacity 58044K, committed 58288K, reserved 1099776K
  class space    used 7022K, capacity 7306K, committed 7344K, reserved 1048576K
GC Heap History (10 events):
Event: 2.099 GC heap before
{Heap before GC invocations=5 (full 1):
 PSYoungGen      total 71680K, used 66560K [0x00000000d5f80000, 0x00000000deb80000, 0x0000000100000000)
  eden space 66560K, 100% used [0x00000000d5f80000,0x00000000da080000,0x00000000da080000)
  from space 5120K, 0% used [0x00000000da080000,0x00000000da080000,0x00000000da580000)
  to   space 5120K, 0% used [0x00000000de680000,0x00000000de680000,0x00000000deb80000)
 ParOldGen       total 68096K, used 9686K [0x0000000081e00000, 0x0000000086080000, 0x00000000d5f80000)
  object space 68096K, 14% used [0x0000000081e00000,0x00000000827758d0,0x0000000086080000)
 Metaspace       used 29292K, capacity 29811K, committed 30128K, reserved 1075200K
  class space    used 3552K, capacity 3704K, committed 3760K, reserved 1048576K
Event: 2.111 GC heap after
Heap after GC invocations=5 (full 1):
 PSYoungGen      total 99840K, used 5090K [0x00000000d5f80000, 0x00000000deb80000, 0x0000000100000000)
  eden space 94720K, 0% used [0x00000000d5f80000,0x00000000d5f80000,0x00000000dbc00000)
  from space 5120K, 99% used [0x00000000de680000,0x00000000deb78918,0x00000000deb80000)
  to   space 5120K, 0% used [0x00000000de180000,0x00000000de180000,0x00000000de680000)
 ParOldGen       total 68096K, used 20338K [0x0000000081e00000, 0x0000000086080000, 0x00000000d5f80000)
  object space 68096K, 29% used [0x0000000081e00000,0x00000000831dca80,0x0000000086080000)
 Metaspace       used 29292K, capacity 29811K, committed 30128K, reserved 1075200K
  class space    used 3552K, capacity 3704K, committed 3760K, reserved 1048576K
}
Event: 2.586 GC heap before
{Heap before GC invocations=6 (full 1):
 PSYoungGen      total 99840K, used 35576K [0x00000000d5f80000, 0x00000000deb80000, 0x0000000100000000)
  eden space 94720K, 32% used [0x00000000d5f80000,0x00000000d7d459e8,0x00000000dbc00000)
  from space 5120K, 99% used [0x00000000de680000,0x00000000deb78918,0x00000000deb80000)
  to   space 5120K, 0% used [0x00000000de180000,0x00000000de180000,0x00000000de680000)
 ParOldGen       total 68096K, used 20338K [0x0000000081e00000, 0x0000000086080000, 0x00000000d5f80000)
  object space 68096K, 29% used [0x0000000081e00000,0x00000000831dca80,0x0000000086080000)
 Metaspace       used 34673K, capacity 35198K, committed 35496K, reserved 1081344K
  class space    used 4422K, capacity 4577K, committed 4656K, reserved 1048576K
Event: 2.596 GC heap after
Heap after GC invocations=6 (full 1):
 PSYoungGen      total 138240K, used 5115K [0x00000000d5f80000, 0x00000000e0280000, 0x0000000100000000)
  eden space 133120K, 0% used [0x00000000d5f80000,0x00000000d5f80000,0x00000000de180000)
  from space 5120K, 99% used [0x00000000de180000,0x00000000de67eef8,0x00000000de680000)
  to   space 15872K, 0% used [0x00000000df300000,0x00000000df300000,0x00000000e0280000)
 ParOldGen       total 68096K, used 27358K [0x0000000081e00000, 0x0000000086080000, 0x00000000d5f80000)
  object space 68096K, 40% used [0x0000000081e00000,0x00000000838b7908,0x0000000086080000)
 Metaspace       used 34673K, capacity 35198K, committed 35496K, reserved 1081344K
  class space    used 4422K, capacity 4577K, committed 4656K, reserved 1048576K
}
Event: 2.596 GC heap before
{Heap before GC invocations=7 (full 2):
 PSYoungGen      total 138240K, used 5115K [0x00000000d5f80000, 0x00000000e0280000, 0x0000000100000000)
  eden space 133120K, 0% used [0x00000000d5f80000,0x00000000d5f80000,0x00000000de180000)
  from space 5120K, 99% used [0x00000000de180000,0x00000000de67eef8,0x00000000de680000)
  to   space 15872K, 0% used [0x00000000df300000,0x00000000df300000,0x00000000e0280000)
 ParOldGen       total 68096K, used 27358K [0x0000000081e00000, 0x0000000086080000, 0x00000000d5f80000)
  object space 68096K, 40% used [0x0000000081e00000,0x00000000838b7908,0x0000000086080000)
 Metaspace       used 34673K, capacity 35198K, committed 35496K, reserved 1081344K
  class space    used 4422K, capacity 4577K, committed 4656K, reserved 1048576K
Event: 2.678 GC heap after
Heap after GC invocations=7 (full 2):
 PSYoungGen      total 138240K, used 0K [0x00000000d5f80000, 0x00000000e0280000, 0x0000000100000000)
  eden space 133120K, 0% used [0x00000000d5f80000,0x00000000d5f80000,0x00000000de180000)
  from space 5120K, 0% used [0x00000000de180000,0x00000000de180000,0x00000000de680000)
  to   space 15872K, 0% used [0x00000000df300000,0x00000000df300000,0x00000000e0280000)
 ParOldGen       total 119296K, used 20340K [0x0000000081e00000, 0x0000000089280000, 0x00000000d5f80000)
  object space 119296K, 17% used [0x0000000081e00000,0x00000000831dd288,0x0000000089280000)
 Metaspace       used 34673K, capacity 35198K, committed 35496K, reserved 1081344K
  class space    used 4422K, capacity 4577K, committed 4656K, reserved 1048576K
}
Event: 5.325 GC heap before
{Heap before GC invocations=8 (full 2):
 PSYoungGen      total 138240K, used 133120K [0x00000000d5f80000, 0x00000000e0280000, 0x0000000100000000)
  eden space 133120K, 100% used [0x00000000d5f80000,0x00000000de180000,0x00000000de180000)
  from space 5120K, 0% used [0x00000000de180000,0x00000000de180000,0x00000000de680000)
  to   space 15872K, 0% used [0x00000000df300000,0x00000000df300000,0x00000000e0280000)
 ParOldGen       total 119296K, used 20340K [0x0000000081e00000, 0x0000000089280000, 0x00000000d5f80000)
  object space 119296K, 17% used [0x0000000081e00000,0x00000000831dd288,0x0000000089280000)
 Metaspace       used 47134K, capacity 48032K, committed 48304K, reserved 1091584K
  class space    used 5829K, capacity 6048K, committed 6064K, reserved 1048576K
Event: 5.345 GC heap after
Heap after GC invocations=8 (full 2):
 PSYoungGen      total 142848K, used 15847K [0x00000000d5f80000, 0x00000000e3500000, 0x0000000100000000)
  eden space 126976K, 0% used [0x00000000d5f80000,0x00000000d5f80000,0x00000000ddb80000)
  from space 15872K, 99% used [0x00000000df300000,0x00000000e0279dc0,0x00000000e0280000)
  to   space 24064K, 0% used [0x00000000ddb80000,0x00000000ddb80000,0x00000000df300000)
 ParOldGen       total 119296K, used 31774K [0x0000000081e00000, 0x0000000089280000, 0x00000000d5f80000)
  object space 119296K, 26% used [0x0000000081e00000,0x0000000083d07808,0x0000000089280000)
 Metaspace       used 47134K, capacity 48032K, committed 48304K, reserved 1091584K
  class space    used 5829K, capacity 6048K, committed 6064K, reserved 1048576K
}
Event: 8.357 GC heap before
{Heap before GC invocations=9 (full 2):
 PSYoungGen      total 142848K, used 142823K [0x00000000d5f80000, 0x00000000e3500000, 0x0000000100000000)
  eden space 126976K, 100% used [0x00000000d5f80000,0x00000000ddb80000,0x00000000ddb80000)
  from space 15872K, 99% used [0x00000000df300000,0x00000000e0279dc0,0x00000000e0280000)
  to   space 24064K, 0% used [0x00000000ddb80000,0x00000000ddb80000,0x00000000df300000)
 ParOldGen       total 119296K, used 31774K [0x0000000081e00000, 0x0000000089280000, 0x00000000d5f80000)
  object space 119296K, 26% used [0x0000000081e00000,0x0000000083d07808,0x0000000089280000)
 Metaspace       used 54458K, capacity 55648K, committed 55984K, reserved 1097728K
  class space    used 6737K, capacity 7004K, committed 7088K, reserved 1048576K
Event: 8.385 GC heap after
Heap after GC invocations=9 (full 2):
 PSYoungGen      total 151040K, used 24061K [0x00000000d5f80000, 0x00000000e3f00000, 0x0000000100000000)
  eden space 126976K, 0% used [0x00000000d5f80000,0x00000000d5f80000,0x00000000ddb80000)
  from space 24064K, 99% used [0x00000000ddb80000,0x00000000df2ff460,0x00000000df300000)
  to   space 34304K, 0% used [0x00000000e1d80000,0x00000000e1d80000,0x00000000e3f00000)
 ParOldGen       total 119296K, used 44231K [0x0000000081e00000, 0x0000000089280000, 0x00000000d5f80000)
  object space 119296K, 37% used [0x0000000081e00000,0x0000000084931e40,0x0000000089280000)
 Metaspace       used 54458K, capacity 55648K, committed 55984K, reserved 1097728K
  class space    used 6737K, capacity 7004K, committed 7088K, reserved 1048576K
}

