# JRE version: OpenJDK Runtime Environment (8.0_242-b01) (build 1.8.0_242-release-1644-b01)
# Java VM: OpenJDK 64-Bit Server VM (25.242-b01 mixed mode windows-amd64 compressed oops)
Heap:
 PSYoungGen      total 38400K, used 8586K [0x00000000d5f80000, 0x00000000d8a00000, 0x0000000100000000)
  eden space 33280K, 10% used [0x00000000d5f80000,0x00000000d62e8280,0x00000000d8000000)
  from space 5120K, 99% used [0x00000000d8000000,0x00000000d84fa650,0x00000000d8500000)
  to   space 5120K, 0% used [0x00000000d8500000,0x00000000d8500000,0x00000000d8a00000)
 ParOldGen       total 60928K, used 16619K [0x0000000081e00000, 0x0000000085980000, 0x00000000d5f80000)
  object space 60928K, 27% used [0x0000000081e00000,0x0000000082e3ad08,0x0000000085980000)
 Metaspace       used 27438K, capacity 28004K, committed 28288K, reserved 1079296K
  class space    used 3290K, capacity 3447K, committed 3456K, reserved 1048576K
GC Heap History (10 events):
Event: 0.923 GC heap before
{Heap before GC invocations=2 (full 0):
 PSYoungGen      total 38400K, used 38396K [0x00000000d5f80000, 0x00000000d8a00000, 0x0000000100000000)
  eden space 33280K, 100% used [0x00000000d5f80000,0x00000000d8000000,0x00000000d8000000)
  from space 5120K, 99% used [0x00000000d8000000,0x00000000d84ff3b8,0x00000000d8500000)
  to   space 5120K, 0% used [0x00000000d8500000,0x00000000d8500000,0x00000000d8a00000)
 ParOldGen       total 87552K, used 2765K [0x0000000081e00000, 0x0000000087380000, 0x00000000d5f80000)
  object space 87552K, 3% used [0x0000000081e00000,0x00000000820b3768,0x0000000087380000)
 Metaspace       used 15671K, capacity 16038K, committed 16384K, reserved 1062912K
  class space    used 1825K, capacity 1949K, committed 2048K, reserved 1048576K
Event: 0.931 GC heap after
Heap after GC invocations=2 (full 0):
 PSYoungGen      total 38400K, used 5094K [0x00000000d5f80000, 0x00000000d8a00000, 0x0000000100000000)
  eden space 33280K, 0% used [0x00000000d5f80000,0x00000000d5f80000,0x00000000d8000000)
  from space 5120K, 99% used [0x00000000d8500000,0x00000000d89f9a70,0x00000000d8a00000)
  to   space 5120K, 0% used [0x00000000d8000000,0x00000000d8000000,0x00000000d8500000)
 ParOldGen       total 87552K, used 7957K [0x0000000081e00000, 0x0000000087380000, 0x00000000d5f80000)
  object space 87552K, 9% used [0x0000000081e00000,0x00000000825c57e0,0x0000000087380000)
 Metaspace       used 15671K, capacity 16038K, committed 16384K, reserved 1062912K
  class space    used 1825K, capacity 1949K, committed 2048K, reserved 1048576K
}
Event: 1.021 GC heap before
{Heap before GC invocations=3 (full 0):
 PSYoungGen      total 38400K, used 13766K [0x00000000d5f80000, 0x00000000d8a00000, 0x0000000100000000)
  eden space 33280K, 26% used [0x00000000d5f80000,0x00000000d67f7f18,0x00000000d8000000)
  from space 5120K, 99% used [0x00000000d8500000,0x00000000d89f9a70,0x00000000d8a00000)
  to   space 5120K, 0% used [0x00000000d8000000,0x00000000d8000000,0x00000000d8500000)
 ParOldGen       total 87552K, used 7957K [0x0000000081e00000, 0x0000000087380000, 0x00000000d5f80000)
  object space 87552K, 9% used [0x0000000081e00000,0x00000000825c57e0,0x0000000087380000)
 Metaspace       used 17956K, capacity 18274K, committed 18432K, reserved 1073152K
  class space    used 2097K, capacity 2225K, committed 2304K, reserved 1048576K
Event: 1.026 GC heap after
Heap after GC invocations=3 (full 0):
 PSYoungGen      total 38400K, used 5108K [0x00000000d5f80000, 0x00000000d8a00000, 0x0000000100000000)
  eden space 33280K, 0% used [0x00000000d5f80000,0x00000000d5f80000,0x00000000d8000000)
  from space 5120K, 99% used [0x00000000d8000000,0x00000000d84fd1f0,0x00000000d8500000)
  to   space 5120K, 0% used [0x00000000d8500000,0x00000000d8500000,0x00000000d8a00000)
 ParOldGen       total 87552K, used 9798K [0x0000000081e00000, 0x0000000087380000, 0x00000000d5f80000)
  object space 87552K, 11% used [0x0000000081e00000,0x00000000827918e8,0x0000000087380000)
 Metaspace       used 17956K, capacity 18274K, committed 18432K, reserved 1073152K
  class space    used 2097K, capacity 2225K, committed 2304K, reserved 1048576K
}
Event: 1.026 GC heap before
{Heap before GC invocations=4 (full 1):
 PSYoungGen      total 38400K, used 5108K [0x00000000d5f80000, 0x00000000d8a00000, 0x0000000100000000)
  eden space 33280K, 0% used [0x00000000d5f80000,0x00000000d5f80000,0x00000000d8000000)
  from space 5120K, 99% used [0x00000000d8000000,0x00000000d84fd1f0,0x00000000d8500000)
  to   space 5120K, 0% used [0x00000000d8500000,0x00000000d8500000,0x00000000d8a00000)
 ParOldGen       total 87552K, used 9798K [0x0000000081e00000, 0x0000000087380000, 0x00000000d5f80000)
  object space 87552K, 11% used [0x0000000081e00000,0x00000000827918e8,0x0000000087380000)
 Metaspace       used 17956K, capacity 18274K, committed 18432K, reserved 1073152K
  class space    used 2097K, capacity 2225K, committed 2304K, reserved 1048576K
Event: 1.049 GC heap after
Heap after GC invocations=4 (full 1):
 PSYoungGen      total 38400K, used 0K [0x00000000d5f80000, 0x00000000d8a00000, 0x0000000100000000)
  eden space 33280K, 0% used [0x00000000d5f80000,0x00000000d5f80000,0x00000000d8000000)
  from space 5120K, 0% used [0x00000000d8000000,0x00000000d8000000,0x00000000d8500000)
  to   space 5120K, 0% used [0x00000000d8500000,0x00000000d8500000,0x00000000d8a00000)
 ParOldGen       total 60928K, used 7111K [0x0000000081e00000, 0x0000000085980000, 0x00000000d5f80000)
  object space 60928K, 11% used [0x0000000081e00000,0x00000000824f1ef0,0x0000000085980000)
 Metaspace       used 17956K, capacity 18274K, committed 18432K, reserved 1071104K
  class space    used 2097K, capacity 2225K, committed 2304K, reserved 1048576K
}
Event: 1.498 GC heap before
{Heap before GC invocations=5 (full 1):
 PSYoungGen      total 38400K, used 33280K [0x00000000d5f80000, 0x00000000d8a00000, 0x0000000100000000)
  eden space 33280K, 100% used [0x00000000d5f80000,0x00000000d8000000,0x00000000d8000000)
  from space 5120K, 0% used [0x00000000d8000000,0x00000000d8000000,0x00000000d8500000)
  to   space 5120K, 0% used [0x00000000d8500000,0x00000000d8500000,0x00000000d8a00000)
 ParOldGen       total 60928K, used 7111K [0x0000000081e00000, 0x0000000085980000, 0x00000000d5f80000)
  object space 60928K, 11% used [0x0000000081e00000,0x00000000824f1ef0,0x0000000085980000)
 Metaspace       used 22190K, capacity 22754K, committed 23040K, reserved 1073152K
  class space    used 2659K, capacity 2770K, committed 2816K, reserved 1048576K
Event: 1.504 GC heap after
Heap after GC invocations=5 (full 1):
 PSYoungGen      total 38400K, used 5102K [0x00000000d5f80000, 0x00000000d8a00000, 0x0000000100000000)
  eden space 33280K, 0% used [0x00000000d5f80000,0x00000000d5f80000,0x00000000d8000000)
  from space 5120K, 99% used [0x00000000d8500000,0x00000000d89fbae8,0x00000000d8a00000)
  to   space 5120K, 0% used [0x00000000d8000000,0x00000000d8000000,0x00000000d8500000)
 ParOldGen       total 60928K, used 9387K [0x0000000081e00000, 0x0000000085980000, 0x00000000d5f80000)
  object space 60928K, 15% used [0x0000000081e00000,0x000000008272af18,0x0000000085980000)
 Metaspace       used 22190K, capacity 22754K, committed 23040K, reserved 1073152K
  class space    used 2659K, capacity 2770K, committed 2816K, reserved 1048576K
}
Event: 1.877 GC heap before
{Heap before GC invocations=6 (full 1):
 PSYoungGen      total 38400K, used 38382K [0x00000000d5f80000, 0x00000000d8a00000, 0x0000000100000000)
  eden space 33280K, 100% used [0x00000000d5f80000,0x00000000d8000000,0x00000000d8000000)
  from space 5120K, 99% used [0x00000000d8500000,0x00000000d89fbae8,0x00000000d8a00000)
  to   space 5120K, 0% used [0x00000000d8000000,0x00000000d8000000,0x00000000d8500000)
 ParOldGen       total 60928K, used 9387K [0x0000000081e00000, 0x0000000085980000, 0x00000000d5f80000)
  object space 60928K, 15% used [0x0000000081e00000,0x000000008272af18,0x0000000085980000)
 Metaspace       used 27022K, capacity 27588K, committed 27776K, reserved 1077248K
  class space    used 3243K, capacity 3415K, committed 3456K, reserved 1048576K
Event: 1.885 GC heap after
Heap after GC invocations=6 (full 1):
 PSYoungGen      total 38400K, used 5097K [0x00000000d5f80000, 0x00000000d8a00000, 0x0000000100000000)
  eden space 33280K, 0% used [0x00000000d5f80000,0x00000000d5f80000,0x00000000d8000000)
  from space 5120K, 99% used [0x00000000d8000000,0x00000000d84fa650,0x00000000d8500000)
  to   space 5120K, 0% used [0x00000000d8500000,0x00000000d8500000,0x00000000d8a00000)
 ParOldGen       total 60928K, used 16619K [0x0000000081e00000, 0x0000000085980000, 0x00000000d5f80000)
  object space 60928K, 27% used [0x0000000081e00000,0x0000000082e3ad08,0x0000000085980000)
 Metaspace       used 27022K, capacity 27588K, committed 27776K, reserved 1077248K
  class space    used 3243K, capacity 3415K, committed 3456K, reserved 1048576K
}

