# JRE version: OpenJDK Runtime Environment (8.0_242-b01) (build 1.8.0_242-release-1644-b01)
# Java VM: OpenJDK 64-Bit Server VM (25.242-b01 mixed mode windows-amd64 compressed oops)
Heap:
 PSYoungGen      total 116736K, used 52093K [0x00000000f5580000, 0x0000000100000000, 0x0000000100000000)
  eden space 58880K, 51% used [0x00000000f5580000,0x00000000f730e210,0x00000000f8f00000)
  from space 57856K, 37% used [0x00000000f8f00000,0x00000000fa4512e0,0x00000000fc780000)
  to   space 57856K, 0% used [0x00000000fc780000,0x00000000fc780000,0x0000000100000000)
 ParOldGen       total 349696K, used 288872K [0x00000000e0000000, 0x00000000f5580000, 0x00000000f5580000)
  object space 349696K, 82% used [0x00000000e0000000,0x00000000f1a1a040,0x00000000f5580000)
 Metaspace       used 101442K, capacity 105576K, committed 105816K, reserved 1140736K
  class space    used 13367K, capacity 14185K, committed 14208K, reserved 1048576K
GC Heap History (10 events):
Event: 19.660 GC heap before
{Heap before GC invocations=33 (full 5):
 PSYoungGen      total 114688K, used 91735K [0x00000000f5580000, 0x0000000100000000, 0x0000000100000000)
  eden space 58880K, 100% used [0x00000000f5580000,0x00000000f8f00000,0x00000000f8f00000)
  from space 55808K, 58% used [0x00000000f8f00000,0x00000000faf15fc8,0x00000000fc580000)
  to   space 56320K, 0% used [0x00000000fc900000,0x00000000fc900000,0x0000000100000000)
 ParOldGen       total 349696K, used 228041K [0x00000000e0000000, 0x00000000f5580000, 0x00000000f5580000)
  object space 349696K, 65% used [0x00000000e0000000,0x00000000edeb2438,0x00000000f5580000)
 Metaspace       used 99452K, capacity 103272K, committed 103768K, reserved 1138688K
  class space    used 13095K, capacity 13891K, committed 13952K, reserved 1048576K
Event: 19.707 GC heap after
Heap after GC invocations=33 (full 5):
 PSYoungGen      total 115200K, used 56315K [0x00000000f5580000, 0x0000000100000000, 0x0000000100000000)
  eden space 58880K, 0% used [0x00000000f5580000,0x00000000f5580000,0x00000000f8f00000)
  from space 56320K, 99% used [0x00000000fc900000,0x00000000ffffedd8,0x0000000100000000)
  to   space 57856K, 0% used [0x00000000f8f00000,0x00000000f8f00000,0x00000000fc780000)
 ParOldGen       total 349696K, used 245497K [0x00000000e0000000, 0x00000000f5580000, 0x00000000f5580000)
  object space 349696K, 70% used [0x00000000e0000000,0x00000000eefbe438,0x00000000f5580000)
 Metaspace       used 99452K, capacity 103272K, committed 103768K, reserved 1138688K
  class space    used 13095K, capacity 13891K, committed 13952K, reserved 1048576K
}
Event: 19.919 GC heap before
{Heap before GC invocations=34 (full 5):
 PSYoungGen      total 115200K, used 113625K [0x00000000f5580000, 0x0000000100000000, 0x0000000100000000)
  eden space 58880K, 97% used [0x00000000f5580000,0x00000000f8d77848,0x00000000f8f00000)
  from space 56320K, 99% used [0x00000000fc900000,0x00000000ffffedd8,0x0000000100000000)
  to   space 57856K, 0% used [0x00000000f8f00000,0x00000000f8f00000,0x00000000fc780000)
 ParOldGen       total 349696K, used 245497K [0x00000000e0000000, 0x00000000f5580000, 0x00000000f5580000)
  object space 349696K, 70% used [0x00000000e0000000,0x00000000eefbe438,0x00000000f5580000)
 Metaspace       used 99593K, capacity 103548K, committed 104024K, reserved 1138688K
  class space    used 13104K, capacity 13905K, committed 13952K, reserved 1048576K
Event: 19.959 GC heap after
Heap after GC invocations=34 (full 5):
 PSYoungGen      total 116736K, used 38799K [0x00000000f5580000, 0x0000000100000000, 0x0000000100000000)
  eden space 58880K, 0% used [0x00000000f5580000,0x00000000f5580000,0x00000000f8f00000)
  from space 57856K, 67% used [0x00000000f8f00000,0x00000000fb4e3f08,0x00000000fc780000)
  to   space 57856K, 0% used [0x00000000fc780000,0x00000000fc780000,0x0000000100000000)
 ParOldGen       total 349696K, used 270822K [0x00000000e0000000, 0x00000000f5580000, 0x00000000f5580000)
  object space 349696K, 77% used [0x00000000e0000000,0x00000000f0879a90,0x00000000f5580000)
 Metaspace       used 99593K, capacity 103548K, committed 104024K, reserved 1138688K
  class space    used 13104K, capacity 13905K, committed 13952K, reserved 1048576K
}
Event: 20.083 GC heap before
{Heap before GC invocations=35 (full 5):
 PSYoungGen      total 116736K, used 97679K [0x00000000f5580000, 0x0000000100000000, 0x0000000100000000)
  eden space 58880K, 100% used [0x00000000f5580000,0x00000000f8f00000,0x00000000f8f00000)
  from space 57856K, 67% used [0x00000000f8f00000,0x00000000fb4e3f08,0x00000000fc780000)
  to   space 57856K, 0% used [0x00000000fc780000,0x00000000fc780000,0x0000000100000000)
 ParOldGen       total 349696K, used 270822K [0x00000000e0000000, 0x00000000f5580000, 0x00000000f5580000)
  object space 349696K, 77% used [0x00000000e0000000,0x00000000f0879a90,0x00000000f5580000)
 Metaspace       used 99661K, capacity 103708K, committed 104280K, reserved 1140736K
  class space    used 13113K, capacity 13921K, committed 13952K, reserved 1048576K
Event: 20.133 GC heap after
Heap after GC invocations=35 (full 5):
 PSYoungGen      total 116736K, used 57827K [0x00000000f5580000, 0x0000000100000000, 0x0000000100000000)
  eden space 58880K, 0% used [0x00000000f5580000,0x00000000f5580000,0x00000000f8f00000)
  from space 57856K, 99% used [0x00000000fc780000,0x00000000ffff8d98,0x0000000100000000)
  to   space 57856K, 0% used [0x00000000f8f00000,0x00000000f8f00000,0x00000000fc780000)
 ParOldGen       total 349696K, used 304977K [0x00000000e0000000, 0x00000000f5580000, 0x00000000f5580000)
  object space 349696K, 87% used [0x00000000e0000000,0x00000000f29d4700,0x00000000f5580000)
 Metaspace       used 99661K, capacity 103708K, committed 104280K, reserved 1140736K
  class space    used 13113K, capacity 13921K, committed 13952K, reserved 1048576K
}
Event: 20.133 GC heap before
{Heap before GC invocations=36 (full 6):
 PSYoungGen      total 116736K, used 57827K [0x00000000f5580000, 0x0000000100000000, 0x0000000100000000)
  eden space 58880K, 0% used [0x00000000f5580000,0x00000000f5580000,0x00000000f8f00000)
  from space 57856K, 99% used [0x00000000fc780000,0x00000000ffff8d98,0x0000000100000000)
  to   space 57856K, 0% used [0x00000000f8f00000,0x00000000f8f00000,0x00000000fc780000)
 ParOldGen       total 349696K, used 304977K [0x00000000e0000000, 0x00000000f5580000, 0x00000000f5580000)
  object space 349696K, 87% used [0x00000000e0000000,0x00000000f29d4700,0x00000000f5580000)
 Metaspace       used 99661K, capacity 103708K, committed 104280K, reserved 1140736K
  class space    used 13113K, capacity 13921K, committed 13952K, reserved 1048576K
Event: 20.559 GC heap after
Heap after GC invocations=36 (full 6):
 PSYoungGen      total 116736K, used 0K [0x00000000f5580000, 0x0000000100000000, 0x0000000100000000)
  eden space 58880K, 0% used [0x00000000f5580000,0x00000000f5580000,0x00000000f8f00000)
  from space 57856K, 0% used [0x00000000fc780000,0x00000000fc780000,0x0000000100000000)
  to   space 57856K, 0% used [0x00000000f8f00000,0x00000000f8f00000,0x00000000fc780000)
 ParOldGen       total 349696K, used 288872K [0x00000000e0000000, 0x00000000f5580000, 0x00000000f5580000)
  object space 349696K, 82% used [0x00000000e0000000,0x00000000f1a1a040,0x00000000f5580000)
 Metaspace       used 99661K, capacity 103708K, committed 104280K, reserved 1140736K
  class space    used 13113K, capacity 13921K, committed 13952K, reserved 1048576K
}
Event: 20.793 GC heap before
{Heap before GC invocations=37 (full 6):
 PSYoungGen      total 116736K, used 58880K [0x00000000f5580000, 0x0000000100000000, 0x0000000100000000)
  eden space 58880K, 100% used [0x00000000f5580000,0x00000000f8f00000,0x00000000f8f00000)
  from space 57856K, 0% used [0x00000000fc780000,0x00000000fc780000,0x0000000100000000)
  to   space 57856K, 0% used [0x00000000f8f00000,0x00000000f8f00000,0x00000000fc780000)
 ParOldGen       total 349696K, used 288872K [0x00000000e0000000, 0x00000000f5580000, 0x00000000f5580000)
  object space 349696K, 82% used [0x00000000e0000000,0x00000000f1a1a040,0x00000000f5580000)
 Metaspace       used 99754K, capacity 103774K, committed 104280K, reserved 1140736K
  class space    used 13128K, capacity 13934K, committed 13952K, reserved 1048576K
Event: 20.814 GC heap after
Heap after GC invocations=37 (full 6):
 PSYoungGen      total 116736K, used 21828K [0x00000000f5580000, 0x0000000100000000, 0x0000000100000000)
  eden space 58880K, 0% used [0x00000000f5580000,0x00000000f5580000,0x00000000f8f00000)
  from space 57856K, 37% used [0x00000000f8f00000,0x00000000fa4512e0,0x00000000fc780000)
  to   space 57856K, 0% used [0x00000000fc780000,0x00000000fc780000,0x0000000100000000)
 ParOldGen       total 349696K, used 288872K [0x00000000e0000000, 0x00000000f5580000, 0x00000000f5580000)
  object space 349696K, 82% used [0x00000000e0000000,0x00000000f1a1a040,0x00000000f5580000)
 Metaspace       used 99754K, capacity 103774K, committed 104280K, reserved 1140736K
  class space    used 13128K, capacity 13934K, committed 13952K, reserved 1048576K
}

