# JRE version: OpenJDK Runtime Environment (8.0_242-b01) (build 1.8.0_242-release-1644-b01)
# Java VM: OpenJDK 64-Bit Server VM (25.242-b01 mixed mode windows-amd64 compressed oops)
Heap:
 PSYoungGen      total 124416K, used 83456K [0x00000000f5580000, 0x0000000100000000, 0x0000000100000000)
  eden space 83456K, 100% used [0x00000000f5580000,0x00000000fa700000,0x00000000fa700000)
  from space 40960K, 0% used [0x00000000fa700000,0x00000000fa700000,0x00000000fcf00000)
  to   space 50176K, 0% used [0x00000000fcf00000,0x00000000fcf00000,0x0000000100000000)
 ParOldGen       total 109056K, used 108889K [0x00000000e0000000, 0x00000000e6a80000, 0x00000000f5580000)
  object space 109056K, 99% used [0x00000000e0000000,0x00000000e6a565a8,0x00000000e6a80000)
 Metaspace       used 86490K, capacity 90818K, committed 91008K, reserved 1128448K
  class space    used 11554K, capacity 12392K, committed 12416K, reserved 1048576K
GC Heap History (10 events):
Event: 47.630 GC heap after
Heap after GC invocations=39 (full 20):
 PSYoungGen      total 124416K, used 37314K [0x00000000f5580000, 0x0000000100000000, 0x0000000100000000)
  eden space 83456K, 44% used [0x00000000f5580000,0x00000000f79f09c0,0x00000000fa700000)
  from space 40960K, 0% used [0x00000000fa700000,0x00000000fa700000,0x00000000fcf00000)
  to   space 50176K, 0% used [0x00000000fcf00000,0x00000000fcf00000,0x0000000100000000)
 ParOldGen       total 109056K, used 108722K [0x00000000e0000000, 0x00000000e6a80000, 0x00000000f5580000)
  object space 109056K, 99% used [0x00000000e0000000,0x00000000e6a2c9c0,0x00000000e6a80000)
 Metaspace       used 86345K, capacity 90666K, committed 91008K, reserved 1128448K
  class space    used 11549K, capacity 12390K, committed 12416K, reserved 1048576K
}
Event: 47.702 GC heap before
{Heap before GC invocations=40 (full 21):
 PSYoungGen      total 124416K, used 83456K [0x00000000f5580000, 0x0000000100000000, 0x0000000100000000)
  eden space 83456K, 100% used [0x00000000f5580000,0x00000000fa700000,0x00000000fa700000)
  from space 40960K, 0% used [0x00000000fa700000,0x00000000fa700000,0x00000000fcf00000)
  to   space 50176K, 0% used [0x00000000fcf00000,0x00000000fcf00000,0x0000000100000000)
 ParOldGen       total 109056K, used 108722K [0x00000000e0000000, 0x00000000e6a80000, 0x00000000f5580000)
  object space 109056K, 99% used [0x00000000e0000000,0x00000000e6a2c9c0,0x00000000e6a80000)
 Metaspace       used 86362K, capacity 90666K, committed 91008K, reserved 1128448K
  class space    used 11549K, capacity 12390K, committed 12416K, reserved 1048576K
Event: 48.254 GC heap after
Heap after GC invocations=40 (full 21):
 PSYoungGen      total 124416K, used 38008K [0x00000000f5580000, 0x0000000100000000, 0x0000000100000000)
  eden space 83456K, 45% used [0x00000000f5580000,0x00000000f7a9e3a0,0x00000000fa700000)
  from space 40960K, 0% used [0x00000000fa700000,0x00000000fa700000,0x00000000fcf00000)
  to   space 50176K, 0% used [0x00000000fcf00000,0x00000000fcf00000,0x0000000100000000)
 ParOldGen       total 109056K, used 108671K [0x00000000e0000000, 0x00000000e6a80000, 0x00000000f5580000)
  object space 109056K, 99% used [0x00000000e0000000,0x00000000e6a1fed0,0x00000000e6a80000)
 Metaspace       used 86362K, capacity 90666K, committed 91008K, reserved 1128448K
  class space    used 11549K, capacity 12390K, committed 12416K, reserved 1048576K
}
Event: 48.351 GC heap before
{Heap before GC invocations=41 (full 22):
 PSYoungGen      total 124416K, used 83456K [0x00000000f5580000, 0x0000000100000000, 0x0000000100000000)
  eden space 83456K, 100% used [0x00000000f5580000,0x00000000fa700000,0x00000000fa700000)
  from space 40960K, 0% used [0x00000000fa700000,0x00000000fa700000,0x00000000fcf00000)
  to   space 50176K, 0% used [0x00000000fcf00000,0x00000000fcf00000,0x0000000100000000)
 ParOldGen       total 109056K, used 108671K [0x00000000e0000000, 0x00000000e6a80000, 0x00000000f5580000)
  object space 109056K, 99% used [0x00000000e0000000,0x00000000e6a1fed0,0x00000000e6a80000)
 Metaspace       used 86431K, capacity 90742K, committed 91008K, reserved 1128448K
  class space    used 11554K, capacity 12392K, committed 12416K, reserved 1048576K
Event: 48.986 GC heap after
Heap after GC invocations=41 (full 22):
 PSYoungGen      total 124416K, used 38929K [0x00000000f5580000, 0x0000000100000000, 0x0000000100000000)
  eden space 83456K, 46% used [0x00000000f5580000,0x00000000f7b84508,0x00000000fa700000)
  from space 40960K, 0% used [0x00000000fa700000,0x00000000fa700000,0x00000000fcf00000)
  to   space 50176K, 0% used [0x00000000fcf00000,0x00000000fcf00000,0x0000000100000000)
 ParOldGen       total 109056K, used 108550K [0x00000000e0000000, 0x00000000e6a80000, 0x00000000f5580000)
  object space 109056K, 99% used [0x00000000e0000000,0x00000000e6a019a8,0x00000000e6a80000)
 Metaspace       used 86431K, capacity 90742K, committed 91008K, reserved 1128448K
  class space    used 11554K, capacity 12392K, committed 12416K, reserved 1048576K
}
Event: 49.078 GC heap before
{Heap before GC invocations=42 (full 23):
 PSYoungGen      total 124416K, used 83456K [0x00000000f5580000, 0x0000000100000000, 0x0000000100000000)
  eden space 83456K, 100% used [0x00000000f5580000,0x00000000fa700000,0x00000000fa700000)
  from space 40960K, 0% used [0x00000000fa700000,0x00000000fa700000,0x00000000fcf00000)
  to   space 50176K, 0% used [0x00000000fcf00000,0x00000000fcf00000,0x0000000100000000)
 ParOldGen       total 109056K, used 108550K [0x00000000e0000000, 0x00000000e6a80000, 0x00000000f5580000)
  object space 109056K, 99% used [0x00000000e0000000,0x00000000e6a019a8,0x00000000e6a80000)
 Metaspace       used 86441K, capacity 90750K, committed 91008K, reserved 1128448K
  class space    used 11554K, capacity 12392K, committed 12416K, reserved 1048576K
Event: 49.820 GC heap after
Heap after GC invocations=42 (full 23):
 PSYoungGen      total 124416K, used 39179K [0x00000000f5580000, 0x0000000100000000, 0x0000000100000000)
  eden space 83456K, 46% used [0x00000000f5580000,0x00000000f7bc2dc8,0x00000000fa700000)
  from space 40960K, 0% used [0x00000000fa700000,0x00000000fa700000,0x00000000fcf00000)
  to   space 50176K, 0% used [0x00000000fcf00000,0x00000000fcf00000,0x0000000100000000)
 ParOldGen       total 109056K, used 108975K [0x00000000e0000000, 0x00000000e6a80000, 0x00000000f5580000)
  object space 109056K, 99% used [0x00000000e0000000,0x00000000e6a6beb8,0x00000000e6a80000)
 Metaspace       used 86441K, capacity 90750K, committed 91008K, reserved 1128448K
  class space    used 11554K, capacity 12392K, committed 12416K, reserved 1048576K
}
Event: 49.922 GC heap before
{Heap before GC invocations=43 (full 24):
 PSYoungGen      total 124416K, used 83456K [0x00000000f5580000, 0x0000000100000000, 0x0000000100000000)
  eden space 83456K, 100% used [0x00000000f5580000,0x00000000fa700000,0x00000000fa700000)
  from space 40960K, 0% used [0x00000000fa700000,0x00000000fa700000,0x00000000fcf00000)
  to   space 50176K, 0% used [0x00000000fcf00000,0x00000000fcf00000,0x0000000100000000)
 ParOldGen       total 109056K, used 108975K [0x00000000e0000000, 0x00000000e6a80000, 0x00000000f5580000)
  object space 109056K, 99% used [0x00000000e0000000,0x00000000e6a6beb8,0x00000000e6a80000)
 Metaspace       used 86476K, capacity 90818K, committed 91008K, reserved 1128448K
  class space    used 11554K, capacity 12392K, committed 12416K, reserved 1048576K
Event: 50.409 GC heap after
Heap after GC invocations=43 (full 24):
 PSYoungGen      total 124416K, used 39412K [0x00000000f5580000, 0x0000000100000000, 0x0000000100000000)
  eden space 83456K, 47% used [0x00000000f5580000,0x00000000f7bfd2c8,0x00000000fa700000)
  from space 40960K, 0% used [0x00000000fa700000,0x00000000fa700000,0x00000000fcf00000)
  to   space 50176K, 0% used [0x00000000fcf00000,0x00000000fcf00000,0x0000000100000000)
 ParOldGen       total 109056K, used 108889K [0x00000000e0000000, 0x00000000e6a80000, 0x00000000f5580000)
  object space 109056K, 99% used [0x00000000e0000000,0x00000000e6a565a8,0x00000000e6a80000)
 Metaspace       used 86476K, capacity 90818K, committed 91008K, reserved 1128448K
  class space    used 11554K, capacity 12392K, committed 12416K, reserved 1048576K
}
Event: 50.472 GC heap before
{Heap before GC invocations=44 (full 25):
 PSYoungGen      total 124416K, used 83456K [0x00000000f5580000, 0x0000000100000000, 0x0000000100000000)
  eden space 83456K, 100% used [0x00000000f5580000,0x00000000fa700000,0x00000000fa700000)
  from space 40960K, 0% used [0x00000000fa700000,0x00000000fa700000,0x00000000fcf00000)
  to   space 50176K, 0% used [0x00000000fcf00000,0x00000000fcf00000,0x0000000100000000)
 ParOldGen       total 109056K, used 108889K [0x00000000e0000000, 0x00000000e6a80000, 0x00000000f5580000)
  object space 109056K, 99% used [0x00000000e0000000,0x00000000e6a565a8,0x00000000e6a80000)
 Metaspace       used 86490K, capacity 90818K, committed 91008K, reserved 1128448K
  class space    used 11554K, capacity 12392K, committed 12416K, reserved 1048576K

