# JRE version: OpenJDK Runtime Environment (8.0_242-b01) (build 1.8.0_242-release-1644-b01)
# Java VM: OpenJDK 64-Bit Server VM (25.242-b01 mixed mode windows-amd64 compressed oops)
Heap:
 PSYoungGen      total 114688K, used 66556K [0x00000000f5580000, 0x00000000ff700000, 0x0000000100000000)
  eden space 63488K, 91% used [0x00000000f5580000,0x00000000f8e79570,0x00000000f9380000)
  from space 51200K, 16% used [0x00000000f9380000,0x00000000f9b90000,0x00000000fc580000)
  to   space 49152K, 0% used [0x00000000fc700000,0x00000000fc700000,0x00000000ff700000)
 ParOldGen       total 239616K, used 201471K [0x00000000e0000000, 0x00000000eea00000, 0x00000000f5580000)
  object space 239616K, 84% used [0x00000000e0000000,0x00000000ec4bfe40,0x00000000eea00000)
 Metaspace       used 111520K, capacity 116902K, committed 117068K, reserved 1150976K
  class space    used 14402K, capacity 15432K, committed 15488K, reserved 1048576K
GC Heap History (10 events):
Event: 281.848 GC heap before
{Heap before GC invocations=47 (full 6):
 PSYoungGen      total 116736K, used 69915K [0x00000000f5580000, 0x0000000100000000, 0x0000000100000000)
  eden space 58880K, 100% used [0x00000000f5580000,0x00000000f8f00000,0x00000000f8f00000)
  from space 57856K, 19% used [0x00000000fc780000,0x00000000fd246ca8,0x0000000100000000)
  to   space 57856K, 0% used [0x00000000f8f00000,0x00000000f8f00000,0x00000000fc780000)
 ParOldGen       total 239616K, used 201295K [0x00000000e0000000, 0x00000000eea00000, 0x00000000f5580000)
  object space 239616K, 84% used [0x00000000e0000000,0x00000000ec493df0,0x00000000eea00000)
 Metaspace       used 110463K, capacity 115232K, committed 115660K, reserved 1148928K
  class space    used 14284K, capacity 15217K, committed 15360K, reserved 1048576K
Event: 281.856 GC heap after
Heap after GC invocations=47 (full 6):
 PSYoungGen      total 64512K, used 5216K [0x00000000f5580000, 0x00000000fff00000, 0x0000000100000000)
  eden space 58880K, 0% used [0x00000000f5580000,0x00000000f5580000,0x00000000f8f00000)
  from space 5632K, 92% used [0x00000000f8f00000,0x00000000f9418000,0x00000000f9480000)
  to   space 57344K, 0% used [0x00000000fc700000,0x00000000fc700000,0x00000000fff00000)
 ParOldGen       total 239616K, used 201447K [0x00000000e0000000, 0x00000000eea00000, 0x00000000f5580000)
  object space 239616K, 84% used [0x00000000e0000000,0x00000000ec4b9e40,0x00000000eea00000)
 Metaspace       used 110463K, capacity 115232K, committed 115660K, reserved 1148928K
  class space    used 14284K, capacity 15217K, committed 15360K, reserved 1048576K
}
Event: 282.274 GC heap before
{Heap before GC invocations=48 (full 6):
 PSYoungGen      total 64512K, used 64096K [0x00000000f5580000, 0x00000000fff00000, 0x0000000100000000)
  eden space 58880K, 100% used [0x00000000f5580000,0x00000000f8f00000,0x00000000f8f00000)
  from space 5632K, 92% used [0x00000000f8f00000,0x00000000f9418000,0x00000000f9480000)
  to   space 57344K, 0% used [0x00000000fc700000,0x00000000fc700000,0x00000000fff00000)
 ParOldGen       total 239616K, used 201447K [0x00000000e0000000, 0x00000000eea00000, 0x00000000f5580000)
  object space 239616K, 84% used [0x00000000e0000000,0x00000000ec4b9e40,0x00000000eea00000)
 Metaspace       used 110509K, capacity 115400K, committed 115660K, reserved 1148928K
  class space    used 14288K, capacity 15223K, committed 15360K, reserved 1048576K
Event: 282.293 GC heap after
Heap after GC invocations=48 (full 6):
 PSYoungGen      total 118272K, used 7728K [0x00000000f5580000, 0x00000000fff80000, 0x0000000100000000)
  eden space 60928K, 0% used [0x00000000f5580000,0x00000000f5580000,0x00000000f9100000)
  from space 57344K, 13% used [0x00000000fc700000,0x00000000fce8c010,0x00000000fff00000)
  to   space 55296K, 0% used [0x00000000f9100000,0x00000000f9100000,0x00000000fc700000)
 ParOldGen       total 239616K, used 201455K [0x00000000e0000000, 0x00000000eea00000, 0x00000000f5580000)
  object space 239616K, 84% used [0x00000000e0000000,0x00000000ec4bbe40,0x00000000eea00000)
 Metaspace       used 110509K, capacity 115400K, committed 115660K, reserved 1148928K
  class space    used 14288K, capacity 15223K, committed 15360K, reserved 1048576K
}
Event: 284.238 GC heap before
{Heap before GC invocations=49 (full 6):
 PSYoungGen      total 118272K, used 68656K [0x00000000f5580000, 0x00000000fff80000, 0x0000000100000000)
  eden space 60928K, 100% used [0x00000000f5580000,0x00000000f9100000,0x00000000f9100000)
  from space 57344K, 13% used [0x00000000fc700000,0x00000000fce8c010,0x00000000fff00000)
  to   space 55296K, 0% used [0x00000000f9100000,0x00000000f9100000,0x00000000fc700000)
 ParOldGen       total 239616K, used 201455K [0x00000000e0000000, 0x00000000eea00000, 0x00000000f5580000)
  object space 239616K, 84% used [0x00000000e0000000,0x00000000ec4bbe40,0x00000000eea00000)
 Metaspace       used 110546K, capacity 115406K, committed 115660K, reserved 1148928K
  class space    used 14288K, capacity 15224K, committed 15360K, reserved 1048576K
Event: 284.249 GC heap after
Heap after GC invocations=49 (full 6):
 PSYoungGen      total 71168K, used 10032K [0x00000000f5580000, 0x00000000ff900000, 0x0000000100000000)
  eden space 60928K, 0% used [0x00000000f5580000,0x00000000f5580000,0x00000000f9100000)
  from space 10240K, 97% used [0x00000000f9100000,0x00000000f9acc010,0x00000000f9b00000)
  to   space 52736K, 0% used [0x00000000fc580000,0x00000000fc580000,0x00000000ff900000)
 ParOldGen       total 239616K, used 201455K [0x00000000e0000000, 0x00000000eea00000, 0x00000000f5580000)
  object space 239616K, 84% used [0x00000000e0000000,0x00000000ec4bbe40,0x00000000eea00000)
 Metaspace       used 110546K, capacity 115406K, committed 115660K, reserved 1148928K
  class space    used 14288K, capacity 15224K, committed 15360K, reserved 1048576K
}
Event: 631.339 GC heap before
{Heap before GC invocations=50 (full 6):
 PSYoungGen      total 71168K, used 70960K [0x00000000f5580000, 0x00000000ff900000, 0x0000000100000000)
  eden space 60928K, 100% used [0x00000000f5580000,0x00000000f9100000,0x00000000f9100000)
  from space 10240K, 97% used [0x00000000f9100000,0x00000000f9acc010,0x00000000f9b00000)
  to   space 52736K, 0% used [0x00000000fc580000,0x00000000fc580000,0x00000000ff900000)
 ParOldGen       total 239616K, used 201455K [0x00000000e0000000, 0x00000000eea00000, 0x00000000f5580000)
  object space 239616K, 84% used [0x00000000e0000000,0x00000000ec4bbe40,0x00000000eea00000)
 Metaspace       used 111118K, capacity 116058K, committed 116172K, reserved 1150976K
  class space    used 14344K, capacity 15326K, committed 15360K, reserved 1048576K
Event: 631.351 GC heap after
Heap after GC invocations=50 (full 6):
 PSYoungGen      total 115200K, used 5424K [0x00000000f5580000, 0x00000000ff800000, 0x0000000100000000)
  eden space 63488K, 0% used [0x00000000f5580000,0x00000000f5580000,0x00000000f9380000)
  from space 51712K, 10% used [0x00000000fc580000,0x00000000fcacc020,0x00000000ff800000)
  to   space 51200K, 0% used [0x00000000f9380000,0x00000000f9380000,0x00000000fc580000)
 ParOldGen       total 239616K, used 201463K [0x00000000e0000000, 0x00000000eea00000, 0x00000000f5580000)
  object space 239616K, 84% used [0x00000000e0000000,0x00000000ec4bde40,0x00000000eea00000)
 Metaspace       used 111118K, capacity 116058K, committed 116172K, reserved 1150976K
  class space    used 14344K, capacity 15326K, committed 15360K, reserved 1048576K
}
Event: 631.794 GC heap before
{Heap before GC invocations=51 (full 6):
 PSYoungGen      total 115200K, used 68912K [0x00000000f5580000, 0x00000000ff800000, 0x0000000100000000)
  eden space 63488K, 100% used [0x00000000f5580000,0x00000000f9380000,0x00000000f9380000)
  from space 51712K, 10% used [0x00000000fc580000,0x00000000fcacc020,0x00000000ff800000)
  to   space 51200K, 0% used [0x00000000f9380000,0x00000000f9380000,0x00000000fc580000)
 ParOldGen       total 239616K, used 201463K [0x00000000e0000000, 0x00000000eea00000, 0x00000000f5580000)
  object space 239616K, 84% used [0x00000000e0000000,0x00000000ec4bde40,0x00000000eea00000)
 Metaspace       used 111192K, capacity 116192K, committed 116428K, reserved 1150976K
  class space    used 14349K, capacity 15335K, committed 15360K, reserved 1048576K
Event: 631.809 GC heap after
Heap after GC invocations=51 (full 6):
 PSYoungGen      total 114688K, used 8256K [0x00000000f5580000, 0x00000000ff700000, 0x0000000100000000)
  eden space 63488K, 0% used [0x00000000f5580000,0x00000000f5580000,0x00000000f9380000)
  from space 51200K, 16% used [0x00000000f9380000,0x00000000f9b90000,0x00000000fc580000)
  to   space 49152K, 0% used [0x00000000fc700000,0x00000000fc700000,0x00000000ff700000)
 ParOldGen       total 239616K, used 201471K [0x00000000e0000000, 0x00000000eea00000, 0x00000000f5580000)
  object space 239616K, 84% used [0x00000000e0000000,0x00000000ec4bfe40,0x00000000eea00000)
 Metaspace       used 111192K, capacity 116192K, committed 116428K, reserved 1150976K
  class space    used 14349K, capacity 15335K, committed 15360K, reserved 1048576K
}

