# JRE version: OpenJDK Runtime Environment (8.0_242-b01) (build 1.8.0_242-release-1644-b01)
# Java VM: OpenJDK 64-Bit Server VM (25.242-b01 mixed mode windows-amd64 compressed oops)
Heap:
 PSYoungGen      total 142336K, used 89534K [0x00000000f5580000, 0x0000000100000000, 0x0000000100000000)
  eden space 120320K, 62% used [0x00000000f5580000,0x00000000f9e98530,0x00000000fcb00000)
  from space 22016K, 66% used [0x00000000fea80000,0x00000000ff8d7558,0x0000000100000000)
  to   space 27136K, 0% used [0x00000000fcb00000,0x00000000fcb00000,0x00000000fe580000)
 ParOldGen       total 114176K, used 56141K [0x00000000e0000000, 0x00000000e6f80000, 0x00000000f5580000)
  object space 114176K, 49% used [0x00000000e0000000,0x00000000e36d3618,0x00000000e6f80000)
 Metaspace       used 79361K, capacity 83450K, committed 83672K, reserved 1122304K
  class space    used 10725K, capacity 11490K, committed 11520K, reserved 1048576K
GC Heap History (10 events):
Event: 7.020 GC heap before
{Heap before GC invocations=15 (full 3):
 PSYoungGen      total 152064K, used 7385K [0x00000000f5580000, 0x0000000100000000, 0x0000000100000000)
  eden space 138752K, 0% used [0x00000000f5580000,0x00000000f5580000,0x00000000fdd00000)
  from space 13312K, 55% used [0x00000000ff300000,0x00000000ffa36588,0x0000000100000000)
  to   space 17920K, 0% used [0x00000000fdd00000,0x00000000fdd00000,0x00000000fee80000)
 ParOldGen       total 74240K, used 38526K [0x00000000e0000000, 0x00000000e4880000, 0x00000000f5580000)
  object space 74240K, 51% used [0x00000000e0000000,0x00000000e259f9d0,0x00000000e4880000)
 Metaspace       used 56659K, capacity 58960K, committed 59028K, reserved 1099776K
  class space    used 7684K, capacity 8167K, committed 8192K, reserved 1048576K
Event: 7.235 GC heap after
Heap after GC invocations=15 (full 3):
 PSYoungGen      total 152064K, used 0K [0x00000000f5580000, 0x0000000100000000, 0x0000000100000000)
  eden space 138752K, 0% used [0x00000000f5580000,0x00000000f5580000,0x00000000fdd00000)
  from space 13312K, 0% used [0x00000000ff300000,0x00000000ff300000,0x0000000100000000)
  to   space 17920K, 0% used [0x00000000fdd00000,0x00000000fdd00000,0x00000000fee80000)
 ParOldGen       total 114176K, used 34061K [0x00000000e0000000, 0x00000000e6f80000, 0x00000000f5580000)
  object space 114176K, 29% used [0x00000000e0000000,0x00000000e21434e0,0x00000000e6f80000)
 Metaspace       used 56619K, capacity 58828K, committed 59028K, reserved 1099776K
  class space    used 7672K, capacity 8145K, committed 8192K, reserved 1048576K
}
Event: 8.814 GC heap before
{Heap before GC invocations=16 (full 3):
 PSYoungGen      total 152064K, used 138752K [0x00000000f5580000, 0x0000000100000000, 0x0000000100000000)
  eden space 138752K, 100% used [0x00000000f5580000,0x00000000fdd00000,0x00000000fdd00000)
  from space 13312K, 0% used [0x00000000ff300000,0x00000000ff300000,0x0000000100000000)
  to   space 17920K, 0% used [0x00000000fdd00000,0x00000000fdd00000,0x00000000fee80000)
 ParOldGen       total 114176K, used 34061K [0x00000000e0000000, 0x00000000e6f80000, 0x00000000f5580000)
  object space 114176K, 29% used [0x00000000e0000000,0x00000000e21434e0,0x00000000e6f80000)
 Metaspace       used 65732K, capacity 68562K, committed 68824K, reserved 1107968K
  class space    used 9035K, capacity 9638K, committed 9728K, reserved 1048576K
Event: 8.826 GC heap after
Heap after GC invocations=16 (full 3):
 PSYoungGen      total 154112K, used 15158K [0x00000000f5580000, 0x0000000100000000, 0x0000000100000000)
  eden space 138752K, 0% used [0x00000000f5580000,0x00000000f5580000,0x00000000fdd00000)
  from space 15360K, 98% used [0x00000000fdd00000,0x00000000febcdb08,0x00000000fec00000)
  to   space 19456K, 0% used [0x00000000fed00000,0x00000000fed00000,0x0000000100000000)
 ParOldGen       total 114176K, used 34069K [0x00000000e0000000, 0x00000000e6f80000, 0x00000000f5580000)
  object space 114176K, 29% used [0x00000000e0000000,0x00000000e21454e0,0x00000000e6f80000)
 Metaspace       used 65732K, capacity 68562K, committed 68824K, reserved 1107968K
  class space    used 9035K, capacity 9638K, committed 9728K, reserved 1048576K
}
Event: 10.452 GC heap before
{Heap before GC invocations=17 (full 3):
 PSYoungGen      total 154112K, used 153910K [0x00000000f5580000, 0x0000000100000000, 0x0000000100000000)
  eden space 138752K, 100% used [0x00000000f5580000,0x00000000fdd00000,0x00000000fdd00000)
  from space 15360K, 98% used [0x00000000fdd00000,0x00000000febcdb08,0x00000000fec00000)
  to   space 19456K, 0% used [0x00000000fed00000,0x00000000fed00000,0x0000000100000000)
 ParOldGen       total 114176K, used 34069K [0x00000000e0000000, 0x00000000e6f80000, 0x00000000f5580000)
  object space 114176K, 29% used [0x00000000e0000000,0x00000000e21454e0,0x00000000e6f80000)
 Metaspace       used 67647K, capacity 71392K, committed 71640K, reserved 1112064K
  class space    used 9263K, capacity 9959K, committed 9984K, reserved 1048576K
Event: 10.474 GC heap after
Heap after GC invocations=17 (full 3):
 PSYoungGen      total 150016K, used 18225K [0x00000000f5580000, 0x0000000100000000, 0x0000000100000000)
  eden space 130560K, 0% used [0x00000000f5580000,0x00000000f5580000,0x00000000fd500000)
  from space 19456K, 93% used [0x00000000fed00000,0x00000000ffecc458,0x0000000100000000)
  to   space 22016K, 0% used [0x00000000fd500000,0x00000000fd500000,0x00000000fea80000)
 ParOldGen       total 114176K, used 34077K [0x00000000e0000000, 0x00000000e6f80000, 0x00000000f5580000)
  object space 114176K, 29% used [0x00000000e0000000,0x00000000e21474e0,0x00000000e6f80000)
 Metaspace       used 67647K, capacity 71392K, committed 71640K, reserved 1112064K
  class space    used 9263K, capacity 9959K, committed 9984K, reserved 1048576K
}
Event: 11.448 GC heap before
{Heap before GC invocations=18 (full 3):
 PSYoungGen      total 150016K, used 148785K [0x00000000f5580000, 0x0000000100000000, 0x0000000100000000)
  eden space 130560K, 100% used [0x00000000f5580000,0x00000000fd500000,0x00000000fd500000)
  from space 19456K, 93% used [0x00000000fed00000,0x00000000ffecc458,0x0000000100000000)
  to   space 22016K, 0% used [0x00000000fd500000,0x00000000fd500000,0x00000000fea80000)
 ParOldGen       total 114176K, used 34077K [0x00000000e0000000, 0x00000000e6f80000, 0x00000000f5580000)
  object space 114176K, 29% used [0x00000000e0000000,0x00000000e21474e0,0x00000000e6f80000)
 Metaspace       used 72171K, capacity 75956K, committed 76120K, reserved 1114112K
  class space    used 9851K, capacity 10545K, committed 10624K, reserved 1048576K
Event: 11.463 GC heap after
Heap after GC invocations=18 (full 3):
 PSYoungGen      total 152576K, used 21992K [0x00000000f5580000, 0x0000000100000000, 0x0000000100000000)
  eden space 130560K, 0% used [0x00000000f5580000,0x00000000f5580000,0x00000000fd500000)
  from space 22016K, 99% used [0x00000000fd500000,0x00000000fea7a050,0x00000000fea80000)
  to   space 22016K, 0% used [0x00000000fea80000,0x00000000fea80000,0x0000000100000000)
 ParOldGen       total 114176K, used 40907K [0x00000000e0000000, 0x00000000e6f80000, 0x00000000f5580000)
  object space 114176K, 35% used [0x00000000e0000000,0x00000000e27f2e00,0x00000000e6f80000)
 Metaspace       used 72171K, capacity 75956K, committed 76120K, reserved 1114112K
  class space    used 9851K, capacity 10545K, committed 10624K, reserved 1048576K
}
Event: 27.900 GC heap before
{Heap before GC invocations=19 (full 3):
 PSYoungGen      total 152576K, used 152552K [0x00000000f5580000, 0x0000000100000000, 0x0000000100000000)
  eden space 130560K, 100% used [0x00000000f5580000,0x00000000fd500000,0x00000000fd500000)
  from space 22016K, 99% used [0x00000000fd500000,0x00000000fea7a050,0x00000000fea80000)
  to   space 22016K, 0% used [0x00000000fea80000,0x00000000fea80000,0x0000000100000000)
 ParOldGen       total 114176K, used 40907K [0x00000000e0000000, 0x00000000e6f80000, 0x00000000f5580000)
  object space 114176K, 35% used [0x00000000e0000000,0x00000000e27f2e00,0x00000000e6f80000)
 Metaspace       used 75518K, capacity 79576K, committed 79704K, reserved 1118208K
  class space    used 10290K, capacity 11063K, committed 11136K, reserved 1048576K
Event: 27.929 GC heap after
Heap after GC invocations=19 (full 3):
 PSYoungGen      total 142336K, used 14685K [0x00000000f5580000, 0x0000000100000000, 0x0000000100000000)
  eden space 120320K, 0% used [0x00000000f5580000,0x00000000f5580000,0x00000000fcb00000)
  from space 22016K, 66% used [0x00000000fea80000,0x00000000ff8d7558,0x0000000100000000)
  to   space 27136K, 0% used [0x00000000fcb00000,0x00000000fcb00000,0x00000000fe580000)
 ParOldGen       total 114176K, used 56141K [0x00000000e0000000, 0x00000000e6f80000, 0x00000000f5580000)
  object space 114176K, 49% used [0x00000000e0000000,0x00000000e36d3618,0x00000000e6f80000)
 Metaspace       used 75518K, capacity 79576K, committed 79704K, reserved 1118208K
  class space    used 10290K, capacity 11063K, committed 11136K, reserved 1048576K
}

