# JRE version: OpenJDK Runtime Environment (8.0_242-b01) (build 1.8.0_242-release-1644-b01)
# Java VM: OpenJDK 64-Bit Server VM (25.242-b01 mixed mode windows-amd64 compressed oops)
Heap:
 PSYoungGen      total 118272K, used 61834K [0x00000000f5580000, 0x0000000100000000, 0x0000000100000000)
  eden space 61952K, 58% used [0x00000000f5580000,0x00000000f7915548,0x00000000f9200000)
  from space 56320K, 45% used [0x00000000f9200000,0x00000000faacd348,0x00000000fc900000)
  to   space 54784K, 0% used [0x00000000fca80000,0x00000000fca80000,0x0000000100000000)
 ParOldGen       total 310272K, used 156962K [0x00000000e0000000, 0x00000000f2f00000, 0x00000000f5580000)
  object space 310272K, 50% used [0x00000000e0000000,0x00000000e9948a90,0x00000000f2f00000)
 Metaspace       used 104474K, capacity 108946K, committed 109272K, reserved 1144832K
  class space    used 13875K, capacity 14730K, committed 14848K, reserved 1048576K
GC Heap History (10 events):
Event: 28.130 GC heap before
{Heap before GC invocations=32 (full 4):
 PSYoungGen      total 118784K, used 71838K [0x00000000f5580000, 0x00000000ffc00000, 0x0000000100000000)
  eden space 69120K, 86% used [0x00000000f5580000,0x00000000f8f93848,0x00000000f9900000)
  from space 49664K, 24% used [0x00000000f9900000,0x00000000fa5141a8,0x00000000fc980000)
  to   space 47104K, 0% used [0x00000000fce00000,0x00000000fce00000,0x00000000ffc00000)
 ParOldGen       total 242688K, used 201864K [0x00000000e0000000, 0x00000000eed00000, 0x00000000f5580000)
  object space 242688K, 83% used [0x00000000e0000000,0x00000000ec522068,0x00000000eed00000)
 Metaspace       used 103150K, capacity 107644K, committed 107736K, reserved 1142784K
  class space    used 13671K, capacity 14539K, committed 14592K, reserved 1048576K
Event: 28.141 GC heap after
Heap after GC invocations=32 (full 4):
 PSYoungGen      total 122368K, used 8488K [0x00000000f5580000, 0x00000000ff980000, 0x0000000100000000)
  eden space 77824K, 0% used [0x00000000f5580000,0x00000000f5580000,0x00000000fa180000)
  from space 44544K, 19% used [0x00000000fce00000,0x00000000fd64a1d8,0x00000000ff980000)
  to   space 45056K, 0% used [0x00000000fa180000,0x00000000fa180000,0x00000000fcd80000)
 ParOldGen       total 242688K, used 207504K [0x00000000e0000000, 0x00000000eed00000, 0x00000000f5580000)
  object space 242688K, 85% used [0x00000000e0000000,0x00000000ecaa40d8,0x00000000eed00000)
 Metaspace       used 103150K, capacity 107644K, committed 107736K, reserved 1142784K
  class space    used 13671K, capacity 14539K, committed 14592K, reserved 1048576K
}
Event: 28.373 GC heap before
{Heap before GC invocations=33 (full 4):
 PSYoungGen      total 122368K, used 86312K [0x00000000f5580000, 0x00000000ff980000, 0x0000000100000000)
  eden space 77824K, 100% used [0x00000000f5580000,0x00000000fa180000,0x00000000fa180000)
  from space 44544K, 19% used [0x00000000fce00000,0x00000000fd64a1d8,0x00000000ff980000)
  to   space 45056K, 0% used [0x00000000fa180000,0x00000000fa180000,0x00000000fcd80000)
 ParOldGen       total 242688K, used 207504K [0x00000000e0000000, 0x00000000eed00000, 0x00000000f5580000)
  object space 242688K, 85% used [0x00000000e0000000,0x00000000ecaa40d8,0x00000000eed00000)
 Metaspace       used 103353K, capacity 107848K, committed 107992K, reserved 1142784K
  class space    used 13686K, capacity 14541K, committed 14592K, reserved 1048576K
Event: 28.395 GC heap after
Heap after GC invocations=33 (full 4):
 PSYoungGen      total 122880K, used 39431K [0x00000000f5580000, 0x0000000100000000, 0x0000000100000000)
  eden space 77824K, 0% used [0x00000000f5580000,0x00000000f5580000,0x00000000fa180000)
  from space 45056K, 87% used [0x00000000fa180000,0x00000000fc801e80,0x00000000fcd80000)
  to   space 51200K, 0% used [0x00000000fce00000,0x00000000fce00000,0x0000000100000000)
 ParOldGen       total 242688K, used 209314K [0x00000000e0000000, 0x00000000eed00000, 0x00000000f5580000)
  object space 242688K, 86% used [0x00000000e0000000,0x00000000ecc68988,0x00000000eed00000)
 Metaspace       used 103353K, capacity 107848K, committed 107992K, reserved 1142784K
  class space    used 13686K, capacity 14541K, committed 14592K, reserved 1048576K
}
Event: 28.976 GC heap before
{Heap before GC invocations=34 (full 4):
 PSYoungGen      total 122880K, used 117255K [0x00000000f5580000, 0x0000000100000000, 0x0000000100000000)
  eden space 77824K, 100% used [0x00000000f5580000,0x00000000fa180000,0x00000000fa180000)
  from space 45056K, 87% used [0x00000000fa180000,0x00000000fc801e80,0x00000000fcd80000)
  to   space 51200K, 0% used [0x00000000fce00000,0x00000000fce00000,0x0000000100000000)
 ParOldGen       total 242688K, used 209314K [0x00000000e0000000, 0x00000000eed00000, 0x00000000f5580000)
  object space 242688K, 86% used [0x00000000e0000000,0x00000000ecc68988,0x00000000eed00000)
 Metaspace       used 104437K, capacity 109026K, committed 109272K, reserved 1144832K
  class space    used 13912K, capacity 14796K, committed 14848K, reserved 1048576K
Event: 29.046 GC heap after
Heap after GC invocations=34 (full 4):
 PSYoungGen      total 113152K, used 40698K [0x00000000f5580000, 0x0000000100000000, 0x0000000100000000)
  eden space 61952K, 0% used [0x00000000f5580000,0x00000000f5580000,0x00000000f9200000)
  from space 51200K, 79% used [0x00000000fce00000,0x00000000ff5be9c8,0x0000000100000000)
  to   space 56320K, 0% used [0x00000000f9200000,0x00000000f9200000,0x00000000fc900000)
 ParOldGen       total 247808K, used 247678K [0x00000000e0000000, 0x00000000ef200000, 0x00000000f5580000)
  object space 247808K, 99% used [0x00000000e0000000,0x00000000ef1df868,0x00000000ef200000)
 Metaspace       used 104437K, capacity 109026K, committed 109272K, reserved 1144832K
  class space    used 13912K, capacity 14796K, committed 14848K, reserved 1048576K
}
Event: 29.046 GC heap before
{Heap before GC invocations=35 (full 5):
 PSYoungGen      total 113152K, used 40698K [0x00000000f5580000, 0x0000000100000000, 0x0000000100000000)
  eden space 61952K, 0% used [0x00000000f5580000,0x00000000f5580000,0x00000000f9200000)
  from space 51200K, 79% used [0x00000000fce00000,0x00000000ff5be9c8,0x0000000100000000)
  to   space 56320K, 0% used [0x00000000f9200000,0x00000000f9200000,0x00000000fc900000)
 ParOldGen       total 247808K, used 247678K [0x00000000e0000000, 0x00000000ef200000, 0x00000000f5580000)
  object space 247808K, 99% used [0x00000000e0000000,0x00000000ef1df868,0x00000000ef200000)
 Metaspace       used 104437K, capacity 109026K, committed 109272K, reserved 1144832K
  class space    used 13912K, capacity 14796K, committed 14848K, reserved 1048576K
Event: 29.542 GC heap after
Heap after GC invocations=35 (full 5):
 PSYoungGen      total 113152K, used 0K [0x00000000f5580000, 0x0000000100000000, 0x0000000100000000)
  eden space 61952K, 0% used [0x00000000f5580000,0x00000000f5580000,0x00000000f9200000)
  from space 51200K, 0% used [0x00000000fce00000,0x00000000fce00000,0x0000000100000000)
  to   space 56320K, 0% used [0x00000000f9200000,0x00000000f9200000,0x00000000fc900000)
 ParOldGen       total 310272K, used 156954K [0x00000000e0000000, 0x00000000f2f00000, 0x00000000f5580000)
  object space 310272K, 50% used [0x00000000e0000000,0x00000000e9946a90,0x00000000f2f00000)
 Metaspace       used 104331K, capacity 108736K, committed 109272K, reserved 1144832K
  class space    used 13874K, capacity 14729K, committed 14848K, reserved 1048576K
}
Event: 30.048 GC heap before
{Heap before GC invocations=36 (full 5):
 PSYoungGen      total 113152K, used 61952K [0x00000000f5580000, 0x0000000100000000, 0x0000000100000000)
  eden space 61952K, 100% used [0x00000000f5580000,0x00000000f9200000,0x00000000f9200000)
  from space 51200K, 0% used [0x00000000fce00000,0x00000000fce00000,0x0000000100000000)
  to   space 56320K, 0% used [0x00000000f9200000,0x00000000f9200000,0x00000000fc900000)
 ParOldGen       total 310272K, used 156954K [0x00000000e0000000, 0x00000000f2f00000, 0x00000000f5580000)
  object space 310272K, 50% used [0x00000000e0000000,0x00000000e9946a90,0x00000000f2f00000)
 Metaspace       used 104453K, capacity 108946K, committed 109272K, reserved 1144832K
  class space    used 13875K, capacity 14730K, committed 14848K, reserved 1048576K
Event: 30.075 GC heap after
Heap after GC invocations=36 (full 5):
 PSYoungGen      total 118272K, used 25396K [0x00000000f5580000, 0x0000000100000000, 0x0000000100000000)
  eden space 61952K, 0% used [0x00000000f5580000,0x00000000f5580000,0x00000000f9200000)
  from space 56320K, 45% used [0x00000000f9200000,0x00000000faacd348,0x00000000fc900000)
  to   space 54784K, 0% used [0x00000000fca80000,0x00000000fca80000,0x0000000100000000)
 ParOldGen       total 310272K, used 156962K [0x00000000e0000000, 0x00000000f2f00000, 0x00000000f5580000)
  object space 310272K, 50% used [0x00000000e0000000,0x00000000e9948a90,0x00000000f2f00000)
 Metaspace       used 104453K, capacity 108946K, committed 109272K, reserved 1144832K
  class space    used 13875K, capacity 14730K, committed 14848K, reserved 1048576K
}

