# JRE version: OpenJDK Runtime Environment (8.0_242-b01) (build 1.8.0_242-release-1644-b01)
# Java VM: OpenJDK 64-Bit Server VM (25.242-b01 mixed mode windows-amd64 compressed oops)
Heap:
 PSYoungGen      total 141824K, used 87771K [0x00000000f5580000, 0x00000000ffd00000, 0x0000000100000000)
  eden space 114688K, 64% used [0x00000000f5580000,0x00000000f9dc4a40,0x00000000fc580000)
  from space 27136K, 50% used [0x00000000fc580000,0x00000000fd2f2380,0x00000000fe000000)
  to   space 26112K, 0% used [0x00000000fe380000,0x00000000fe380000,0x00000000ffd00000)
 ParOldGen       total 209920K, used 162158K [0x00000000e0000000, 0x00000000ecd00000, 0x00000000f5580000)
  object space 209920K, 77% used [0x00000000e0000000,0x00000000e9e5ba70,0x00000000ecd00000)
 Metaspace       used 88779K, capacity 93476K, committed 95192K, reserved 1130496K
  class space    used 11751K, capacity 12637K, committed 13312K, reserved 1048576K
GC Heap History (10 events):
Event: 21.019 GC heap before
{Heap before GC invocations=50 (full 5):
 PSYoungGen      total 142336K, used 123092K [0x00000000f5580000, 0x0000000100000000, 0x0000000100000000)
  eden space 108544K, 100% used [0x00000000f5580000,0x00000000fbf80000,0x00000000fbf80000)
  from space 33792K, 43% used [0x00000000fdf00000,0x00000000fed352f0,0x0000000100000000)
  to   space 32256K, 0% used [0x00000000fbf80000,0x00000000fbf80000,0x00000000fdf00000)
 ParOldGen       total 209920K, used 113570K [0x00000000e0000000, 0x00000000ecd00000, 0x00000000f5580000)
  object space 209920K, 54% used [0x00000000e0000000,0x00000000e6ee8998,0x00000000ecd00000)
 Metaspace       used 88176K, capacity 92778K, committed 94680K, reserved 1130496K
  class space    used 11708K, capacity 12570K, committed 13312K, reserved 1048576K
Event: 21.049 GC heap after
Heap after GC invocations=50 (full 5):
 PSYoungGen      total 123392K, used 14792K [0x00000000f5580000, 0x00000000ffc80000, 0x0000000100000000)
  eden space 108544K, 0% used [0x00000000f5580000,0x00000000f5580000,0x00000000fbf80000)
  from space 14848K, 99% used [0x00000000fbf80000,0x00000000fcdf2020,0x00000000fce00000)
  to   space 31232K, 0% used [0x00000000fde00000,0x00000000fde00000,0x00000000ffc80000)
 ParOldGen       total 209920K, used 124966K [0x00000000e0000000, 0x00000000ecd00000, 0x00000000f5580000)
  object space 209920K, 59% used [0x00000000e0000000,0x00000000e7a09b08,0x00000000ecd00000)
 Metaspace       used 88176K, capacity 92778K, committed 94680K, reserved 1130496K
  class space    used 11708K, capacity 12570K, committed 13312K, reserved 1048576K
}
Event: 21.308 GC heap before
{Heap before GC invocations=51 (full 5):
 PSYoungGen      total 123392K, used 123336K [0x00000000f5580000, 0x00000000ffc80000, 0x0000000100000000)
  eden space 108544K, 100% used [0x00000000f5580000,0x00000000fbf80000,0x00000000fbf80000)
  from space 14848K, 99% used [0x00000000fbf80000,0x00000000fcdf2020,0x00000000fce00000)
  to   space 31232K, 0% used [0x00000000fde00000,0x00000000fde00000,0x00000000ffc80000)
 ParOldGen       total 209920K, used 124966K [0x00000000e0000000, 0x00000000ecd00000, 0x00000000f5580000)
  object space 209920K, 59% used [0x00000000e0000000,0x00000000e7a09b08,0x00000000ecd00000)
 Metaspace       used 88345K, capacity 92934K, committed 94936K, reserved 1130496K
  class space    used 11718K, capacity 12574K, committed 13312K, reserved 1048576K
Event: 21.328 GC heap after
Heap after GC invocations=51 (full 5):
 PSYoungGen      total 140800K, used 9045K [0x00000000f5580000, 0x0000000100000000, 0x0000000100000000)
  eden space 109568K, 0% used [0x00000000f5580000,0x00000000f5580000,0x00000000fc080000)
  from space 31232K, 28% used [0x00000000fde00000,0x00000000fe6d5798,0x00000000ffc80000)
  to   space 30208K, 0% used [0x00000000fc080000,0x00000000fc080000,0x00000000fde00000)
 ParOldGen       total 209920K, used 136470K [0x00000000e0000000, 0x00000000ecd00000, 0x00000000f5580000)
  object space 209920K, 65% used [0x00000000e0000000,0x00000000e8545a30,0x00000000ecd00000)
 Metaspace       used 88345K, capacity 92934K, committed 94936K, reserved 1130496K
  class space    used 11718K, capacity 12574K, committed 13312K, reserved 1048576K
}
Event: 21.591 GC heap before
{Heap before GC invocations=52 (full 5):
 PSYoungGen      total 140800K, used 118613K [0x00000000f5580000, 0x0000000100000000, 0x0000000100000000)
  eden space 109568K, 100% used [0x00000000f5580000,0x00000000fc080000,0x00000000fc080000)
  from space 31232K, 28% used [0x00000000fde00000,0x00000000fe6d5798,0x00000000ffc80000)
  to   space 30208K, 0% used [0x00000000fc080000,0x00000000fc080000,0x00000000fde00000)
 ParOldGen       total 209920K, used 136642K [0x00000000e0000000, 0x00000000ecd00000, 0x00000000f5580000)
  object space 209920K, 65% used [0x00000000e0000000,0x00000000e8570b08,0x00000000ecd00000)
 Metaspace       used 88507K, capacity 93140K, committed 94936K, reserved 1130496K
  class space    used 11724K, capacity 12607K, committed 13312K, reserved 1048576K
Event: 21.607 GC heap after
Heap after GC invocations=52 (full 5):
 PSYoungGen      total 139776K, used 10711K [0x00000000f5580000, 0x00000000ffc00000, 0x0000000100000000)
  eden space 109568K, 0% used [0x00000000f5580000,0x00000000f5580000,0x00000000fc080000)
  from space 30208K, 35% used [0x00000000fc080000,0x00000000fcaf5c68,0x00000000fde00000)
  to   space 28672K, 0% used [0x00000000fe000000,0x00000000fe000000,0x00000000ffc00000)
 ParOldGen       total 209920K, used 144228K [0x00000000e0000000, 0x00000000ecd00000, 0x00000000f5580000)
  object space 209920K, 68% used [0x00000000e0000000,0x00000000e8cd9358,0x00000000ecd00000)
 Metaspace       used 88507K, capacity 93140K, committed 94936K, reserved 1130496K
  class space    used 11724K, capacity 12607K, committed 13312K, reserved 1048576K
}
Event: 21.847 GC heap before
{Heap before GC invocations=53 (full 5):
 PSYoungGen      total 139776K, used 120279K [0x00000000f5580000, 0x00000000ffc00000, 0x0000000100000000)
  eden space 109568K, 100% used [0x00000000f5580000,0x00000000fc080000,0x00000000fc080000)
  from space 30208K, 35% used [0x00000000fc080000,0x00000000fcaf5c68,0x00000000fde00000)
  to   space 28672K, 0% used [0x00000000fe000000,0x00000000fe000000,0x00000000ffc00000)
 ParOldGen       total 209920K, used 144276K [0x00000000e0000000, 0x00000000ecd00000, 0x00000000f5580000)
  object space 209920K, 68% used [0x00000000e0000000,0x00000000e8ce5310,0x00000000ecd00000)
 Metaspace       used 88657K, capacity 93322K, committed 95192K, reserved 1130496K
  class space    used 11748K, capacity 12634K, committed 13312K, reserved 1048576K
Event: 21.865 GC heap after
Heap after GC invocations=53 (full 5):
 PSYoungGen      total 142848K, used 13119K [0x00000000f5580000, 0x00000000ffb80000, 0x0000000100000000)
  eden space 114688K, 0% used [0x00000000f5580000,0x00000000f5580000,0x00000000fc580000)
  from space 28160K, 46% used [0x00000000fe000000,0x00000000feccff78,0x00000000ffb80000)
  to   space 27136K, 0% used [0x00000000fc580000,0x00000000fc580000,0x00000000fe000000)
 ParOldGen       total 209920K, used 153126K [0x00000000e0000000, 0x00000000ecd00000, 0x00000000f5580000)
  object space 209920K, 72% used [0x00000000e0000000,0x00000000e9589bf8,0x00000000ecd00000)
 Metaspace       used 88657K, capacity 93322K, committed 95192K, reserved 1130496K
  class space    used 11748K, capacity 12634K, committed 13312K, reserved 1048576K
}
Event: 22.121 GC heap before
{Heap before GC invocations=54 (full 5):
 PSYoungGen      total 142848K, used 127807K [0x00000000f5580000, 0x00000000ffb80000, 0x0000000100000000)
  eden space 114688K, 100% used [0x00000000f5580000,0x00000000fc580000,0x00000000fc580000)
  from space 28160K, 46% used [0x00000000fe000000,0x00000000feccff78,0x00000000ffb80000)
  to   space 27136K, 0% used [0x00000000fc580000,0x00000000fc580000,0x00000000fe000000)
 ParOldGen       total 209920K, used 153168K [0x00000000e0000000, 0x00000000ecd00000, 0x00000000f5580000)
  object space 209920K, 72% used [0x00000000e0000000,0x00000000e9594300,0x00000000ecd00000)
 Metaspace       used 88744K, capacity 93466K, committed 95192K, reserved 1130496K
  class space    used 11749K, capacity 12636K, committed 13312K, reserved 1048576K
Event: 22.146 GC heap after
Heap after GC invocations=54 (full 5):
 PSYoungGen      total 141824K, used 13768K [0x00000000f5580000, 0x00000000ffd00000, 0x0000000100000000)
  eden space 114688K, 0% used [0x00000000f5580000,0x00000000f5580000,0x00000000fc580000)
  from space 27136K, 50% used [0x00000000fc580000,0x00000000fd2f2380,0x00000000fe000000)
  to   space 26112K, 0% used [0x00000000fe380000,0x00000000fe380000,0x00000000ffd00000)
 ParOldGen       total 209920K, used 162158K [0x00000000e0000000, 0x00000000ecd00000, 0x00000000f5580000)
  object space 209920K, 77% used [0x00000000e0000000,0x00000000e9e5ba70,0x00000000ecd00000)
 Metaspace       used 88744K, capacity 93466K, committed 95192K, reserved 1130496K
  class space    used 11749K, capacity 12636K, committed 13312K, reserved 1048576K
}

