# JRE version: OpenJDK Runtime Environment (8.0_242-b01) (build 1.8.0_242-release-1644-b01)
# Java VM: OpenJDK 64-Bit Server VM (25.242-b01 mixed mode windows-amd64 compressed oops)
Heap:
 PSYoungGen      total 144384K, used 25336K [0x00000000d5580000, 0x00000000dfb00000, 0x0000000100000000)
  eden space 132096K, 9% used [0x00000000d5580000,0x00000000d62444f0,0x00000000dd680000)
  from space 12288K, 99% used [0x00000000de300000,0x00000000deef9d90,0x00000000def00000)
  to   space 9216K, 0% used [0x00000000df200000,0x00000000df200000,0x00000000dfb00000)
 ParOldGen       total 57856K, used 21230K [0x0000000080000000, 0x0000000083880000, 0x00000000d5580000)
  object space 57856K, 36% used [0x0000000080000000,0x00000000814bbaa0,0x0000000083880000)
 Metaspace       used 49055K, capacity 51298K, committed 51712K, reserved 1095680K
  class space    used 6618K, capacity 7043K, committed 7168K, reserved 1048576K
GC Heap History (10 events):
Event: 4.587 GC heap before
{Heap before GC invocations=9 (full 1):
 PSYoungGen      total 75776K, used 71258K [0x00000000d5580000, 0x00000000dd100000, 0x0000000100000000)
  eden space 65024K, 100% used [0x00000000d5580000,0x00000000d9500000,0x00000000d9500000)
  from space 10752K, 57% used [0x00000000d9500000,0x00000000d9b169e0,0x00000000d9f80000)
  to   space 10240K, 0% used [0x00000000dc700000,0x00000000dc700000,0x00000000dd100000)
 ParOldGen       total 57856K, used 9383K [0x0000000080000000, 0x0000000083880000, 0x00000000d5580000)
  object space 57856K, 16% used [0x0000000080000000,0x0000000080929c00,0x0000000083880000)
 Metaspace       used 33036K, capacity 34278K, committed 34560K, reserved 1079296K
  class space    used 4460K, capacity 4782K, committed 4864K, reserved 1048576K
Event: 4.595 GC heap after
Heap after GC invocations=9 (full 1):
 PSYoungGen      total 114688K, used 10209K [0x00000000d5580000, 0x00000000dd400000, 0x0000000100000000)
  eden space 104448K, 0% used [0x00000000d5580000,0x00000000d5580000,0x00000000dbb80000)
  from space 10240K, 99% used [0x00000000dc700000,0x00000000dd0f85a8,0x00000000dd100000)
  to   space 11776K, 0% used [0x00000000dbb80000,0x00000000dbb80000,0x00000000dc700000)
 ParOldGen       total 57856K, used 9657K [0x0000000080000000, 0x0000000083880000, 0x00000000d5580000)
  object space 57856K, 16% used [0x0000000080000000,0x000000008096e520,0x0000000083880000)
 Metaspace       used 33036K, capacity 34278K, committed 34560K, reserved 1079296K
  class space    used 4460K, capacity 4782K, committed 4864K, reserved 1048576K
}
Event: 4.840 GC heap before
{Heap before GC invocations=10 (full 1):
 PSYoungGen      total 114688K, used 36750K [0x00000000d5580000, 0x00000000dd400000, 0x0000000100000000)
  eden space 104448K, 25% used [0x00000000d5580000,0x00000000d6f6b5f0,0x00000000dbb80000)
  from space 10240K, 99% used [0x00000000dc700000,0x00000000dd0f85a8,0x00000000dd100000)
  to   space 11776K, 0% used [0x00000000dbb80000,0x00000000dbb80000,0x00000000dc700000)
 ParOldGen       total 57856K, used 9657K [0x0000000080000000, 0x0000000083880000, 0x00000000d5580000)
  object space 57856K, 16% used [0x0000000080000000,0x000000008096e520,0x0000000083880000)
 Metaspace       used 34058K, capacity 35326K, committed 35456K, reserved 1079296K
  class space    used 4588K, capacity 4884K, committed 4992K, reserved 1048576K
Event: 4.848 GC heap after
Heap after GC invocations=10 (full 1):
 PSYoungGen      total 116224K, used 8641K [0x00000000d5580000, 0x00000000dfd80000, 0x0000000100000000)
  eden space 104448K, 0% used [0x00000000d5580000,0x00000000d5580000,0x00000000dbb80000)
  from space 11776K, 73% used [0x00000000dbb80000,0x00000000dc3f0688,0x00000000dc700000)
  to   space 11776K, 0% used [0x00000000df200000,0x00000000df200000,0x00000000dfd80000)
 ParOldGen       total 57856K, used 9665K [0x0000000080000000, 0x0000000083880000, 0x00000000d5580000)
  object space 57856K, 16% used [0x0000000080000000,0x0000000080970520,0x0000000083880000)
 Metaspace       used 34058K, capacity 35326K, committed 35456K, reserved 1079296K
  class space    used 4588K, capacity 4884K, committed 4992K, reserved 1048576K
}
Event: 4.848 GC heap before
{Heap before GC invocations=11 (full 2):
 PSYoungGen      total 116224K, used 8641K [0x00000000d5580000, 0x00000000dfd80000, 0x0000000100000000)
  eden space 104448K, 0% used [0x00000000d5580000,0x00000000d5580000,0x00000000dbb80000)
  from space 11776K, 73% used [0x00000000dbb80000,0x00000000dc3f0688,0x00000000dc700000)
  to   space 11776K, 0% used [0x00000000df200000,0x00000000df200000,0x00000000dfd80000)
 ParOldGen       total 57856K, used 9665K [0x0000000080000000, 0x0000000083880000, 0x00000000d5580000)
  object space 57856K, 16% used [0x0000000080000000,0x0000000080970520,0x0000000083880000)
 Metaspace       used 34058K, capacity 35326K, committed 35456K, reserved 1079296K
  class space    used 4588K, capacity 4884K, committed 4992K, reserved 1048576K
Event: 4.894 GC heap after
Heap after GC invocations=11 (full 2):
 PSYoungGen      total 116224K, used 0K [0x00000000d5580000, 0x00000000dfd80000, 0x0000000100000000)
  eden space 104448K, 0% used [0x00000000d5580000,0x00000000d5580000,0x00000000dbb80000)
  from space 11776K, 0% used [0x00000000dbb80000,0x00000000dbb80000,0x00000000dc700000)
  to   space 11776K, 0% used [0x00000000df200000,0x00000000df200000,0x00000000dfd80000)
 ParOldGen       total 57856K, used 15302K [0x0000000080000000, 0x0000000083880000, 0x00000000d5580000)
  object space 57856K, 26% used [0x0000000080000000,0x0000000080ef19c8,0x0000000083880000)
 Metaspace       used 34058K, capacity 35326K, committed 35456K, reserved 1079296K
  class space    used 4588K, capacity 4884K, committed 4992K, reserved 1048576K
}
Event: 5.834 GC heap before
{Heap before GC invocations=12 (full 2):
 PSYoungGen      total 116224K, used 104448K [0x00000000d5580000, 0x00000000dfd80000, 0x0000000100000000)
  eden space 104448K, 100% used [0x00000000d5580000,0x00000000dbb80000,0x00000000dbb80000)
  from space 11776K, 0% used [0x00000000dbb80000,0x00000000dbb80000,0x00000000dc700000)
  to   space 11776K, 0% used [0x00000000df200000,0x00000000df200000,0x00000000dfd80000)
 ParOldGen       total 57856K, used 15302K [0x0000000080000000, 0x0000000083880000, 0x00000000d5580000)
  object space 57856K, 26% used [0x0000000080000000,0x0000000080ef19c8,0x0000000083880000)
 Metaspace       used 38647K, capacity 40620K, committed 40832K, reserved 1085440K
  class space    used 5325K, capacity 5727K, committed 5760K, reserved 1048576K
Event: 5.841 GC heap after
Heap after GC invocations=12 (full 2):
 PSYoungGen      total 141312K, used 9137K [0x00000000d5580000, 0x00000000dfb00000, 0x0000000100000000)
  eden space 132096K, 0% used [0x00000000d5580000,0x00000000d5580000,0x00000000dd680000)
  from space 9216K, 99% used [0x00000000df200000,0x00000000dfaec4a8,0x00000000dfb00000)
  to   space 12288K, 0% used [0x00000000de300000,0x00000000de300000,0x00000000def00000)
 ParOldGen       total 57856K, used 15310K [0x0000000080000000, 0x0000000083880000, 0x00000000d5580000)
  object space 57856K, 26% used [0x0000000080000000,0x0000000080ef39c8,0x0000000083880000)
 Metaspace       used 38647K, capacity 40620K, committed 40832K, reserved 1085440K
  class space    used 5325K, capacity 5727K, committed 5760K, reserved 1048576K
}
Event: 8.558 GC heap before
{Heap before GC invocations=13 (full 2):
 PSYoungGen      total 141312K, used 141233K [0x00000000d5580000, 0x00000000dfb00000, 0x0000000100000000)
  eden space 132096K, 100% used [0x00000000d5580000,0x00000000dd680000,0x00000000dd680000)
  from space 9216K, 99% used [0x00000000df200000,0x00000000dfaec4a8,0x00000000dfb00000)
  to   space 12288K, 0% used [0x00000000de300000,0x00000000de300000,0x00000000def00000)
 ParOldGen       total 57856K, used 15310K [0x0000000080000000, 0x0000000083880000, 0x00000000d5580000)
  object space 57856K, 26% used [0x0000000080000000,0x0000000080ef39c8,0x0000000083880000)
 Metaspace       used 48165K, capacity 50454K, committed 50816K, reserved 1093632K
  class space    used 6511K, capacity 6939K, committed 7040K, reserved 1048576K
Event: 8.571 GC heap after
Heap after GC invocations=13 (full 2):
 PSYoungGen      total 144384K, used 12263K [0x00000000d5580000, 0x00000000dfb00000, 0x0000000100000000)
  eden space 132096K, 0% used [0x00000000d5580000,0x00000000d5580000,0x00000000dd680000)
  from space 12288K, 99% used [0x00000000de300000,0x00000000deef9d90,0x00000000def00000)
  to   space 9216K, 0% used [0x00000000df200000,0x00000000df200000,0x00000000dfb00000)
 ParOldGen       total 57856K, used 21230K [0x0000000080000000, 0x0000000083880000, 0x00000000d5580000)
  object space 57856K, 36% used [0x0000000080000000,0x00000000814bbaa0,0x0000000083880000)
 Metaspace       used 48165K, capacity 50454K, committed 50816K, reserved 1093632K
  class space    used 6511K, capacity 6939K, committed 7040K, reserved 1048576K
}

