# JRE version: OpenJDK Runtime Environment (8.0_242-b01) (build 1.8.0_242-release-1644-b01)
# Java VM: OpenJDK 64-Bit Server VM (25.242-b01 mixed mode windows-amd64 compressed oops)
Heap:
 PSYoungGen      total 137216K, used 73592K [0x00000000d5580000, 0x00000000ded00000, 0x0000000100000000)
  eden space 128000K, 50% used [0x00000000d5580000,0x00000000d9482660,0x00000000dd280000)
  from space 9216K, 98% used [0x00000000de400000,0x00000000decdbb48,0x00000000ded00000)
  to   space 12288K, 0% used [0x00000000dd500000,0x00000000dd500000,0x00000000de100000)
 ParOldGen       total 87040K, used 15257K [0x0000000080000000, 0x0000000085500000, 0x00000000d5580000)
  object space 87040K, 17% used [0x0000000080000000,0x0000000080ee6570,0x0000000085500000)
 Metaspace       used 41022K, capacity 43090K, committed 43264K, reserved 1087488K
  class space    used 5644K, capacity 6027K, committed 6144K, reserved 1048576K
GC Heap History (10 events):
Event: 6.423 GC heap before
{Heap before GC invocations=8 (full 1):
 PSYoungGen      total 75264K, used 65024K [0x00000000d5580000, 0x00000000daa80000, 0x0000000100000000)
  eden space 65024K, 100% used [0x00000000d5580000,0x00000000d9500000,0x00000000d9500000)
  from space 10240K, 0% used [0x00000000d9f80000,0x00000000d9f80000,0x00000000da980000)
  to   space 10752K, 0% used [0x00000000d9500000,0x00000000d9500000,0x00000000d9f80000)
 ParOldGen       total 60416K, used 11547K [0x0000000080000000, 0x0000000083b00000, 0x00000000d5580000)
  object space 60416K, 19% used [0x0000000080000000,0x0000000080b46c70,0x0000000083b00000)
 Metaspace       used 25189K, capacity 26186K, committed 26496K, reserved 1071104K
  class space    used 3592K, capacity 3855K, committed 3968K, reserved 1048576K
Event: 6.428 GC heap after
Heap after GC invocations=8 (full 1):
 PSYoungGen      total 75776K, used 6400K [0x00000000d5580000, 0x00000000dcf80000, 0x0000000100000000)
  eden space 65024K, 0% used [0x00000000d5580000,0x00000000d5580000,0x00000000d9500000)
  from space 10752K, 59% used [0x00000000d9500000,0x00000000d9b40398,0x00000000d9f80000)
  to   space 10240K, 0% used [0x00000000dc580000,0x00000000dc580000,0x00000000dcf80000)
 ParOldGen       total 60416K, used 11555K [0x0000000080000000, 0x0000000083b00000, 0x00000000d5580000)
  object space 60416K, 19% used [0x0000000080000000,0x0000000080b48c70,0x0000000083b00000)
 Metaspace       used 25189K, capacity 26186K, committed 26496K, reserved 1071104K
  class space    used 3592K, capacity 3855K, committed 3968K, reserved 1048576K
}
Event: 9.364 GC heap before
{Heap before GC invocations=9 (full 1):
 PSYoungGen      total 75776K, used 71424K [0x00000000d5580000, 0x00000000dcf80000, 0x0000000100000000)
  eden space 65024K, 100% used [0x00000000d5580000,0x00000000d9500000,0x00000000d9500000)
  from space 10752K, 59% used [0x00000000d9500000,0x00000000d9b40398,0x00000000d9f80000)
  to   space 10240K, 0% used [0x00000000dc580000,0x00000000dc580000,0x00000000dcf80000)
 ParOldGen       total 60416K, used 11555K [0x0000000080000000, 0x0000000083b00000, 0x00000000d5580000)
  object space 60416K, 19% used [0x0000000080000000,0x0000000080b48c70,0x0000000083b00000)
 Metaspace       used 33056K, capacity 34278K, committed 34560K, reserved 1079296K
  class space    used 4462K, capacity 4782K, committed 4864K, reserved 1048576K
Event: 9.373 GC heap after
Heap after GC invocations=9 (full 1):
 PSYoungGen      total 111616K, used 10237K [0x00000000d5580000, 0x00000000dcf80000, 0x0000000100000000)
  eden space 101376K, 0% used [0x00000000d5580000,0x00000000d5580000,0x00000000db880000)
  from space 10240K, 99% used [0x00000000dc580000,0x00000000dcf7f498,0x00000000dcf80000)
  to   space 11776K, 0% used [0x00000000db880000,0x00000000db880000,0x00000000dc400000)
 ParOldGen       total 60416K, used 11813K [0x0000000080000000, 0x0000000083b00000, 0x00000000d5580000)
  object space 60416K, 19% used [0x0000000080000000,0x0000000080b89488,0x0000000083b00000)
 Metaspace       used 33056K, capacity 34278K, committed 34560K, reserved 1079296K
  class space    used 4462K, capacity 4782K, committed 4864K, reserved 1048576K
}
Event: 10.324 GC heap before
{Heap before GC invocations=10 (full 1):
 PSYoungGen      total 111616K, used 35235K [0x00000000d5580000, 0x00000000dcf80000, 0x0000000100000000)
  eden space 101376K, 24% used [0x00000000d5580000,0x00000000d6de9a90,0x00000000db880000)
  from space 10240K, 99% used [0x00000000dc580000,0x00000000dcf7f498,0x00000000dcf80000)
  to   space 11776K, 0% used [0x00000000db880000,0x00000000db880000,0x00000000dc400000)
 ParOldGen       total 60416K, used 11813K [0x0000000080000000, 0x0000000083b00000, 0x00000000d5580000)
  object space 60416K, 19% used [0x0000000080000000,0x0000000080b89488,0x0000000083b00000)
 Metaspace       used 34056K, capacity 35326K, committed 35456K, reserved 1079296K
  class space    used 4589K, capacity 4884K, committed 4992K, reserved 1048576K
Event: 10.330 GC heap after
Heap after GC invocations=10 (full 1):
 PSYoungGen      total 113152K, used 8609K [0x00000000d5580000, 0x00000000def80000, 0x0000000100000000)
  eden space 101376K, 0% used [0x00000000d5580000,0x00000000d5580000,0x00000000db880000)
  from space 11776K, 73% used [0x00000000db880000,0x00000000dc0e8688,0x00000000dc400000)
  to   space 11776K, 0% used [0x00000000de400000,0x00000000de400000,0x00000000def80000)
 ParOldGen       total 60416K, used 11821K [0x0000000080000000, 0x0000000083b00000, 0x00000000d5580000)
  object space 60416K, 19% used [0x0000000080000000,0x0000000080b8b488,0x0000000083b00000)
 Metaspace       used 34056K, capacity 35326K, committed 35456K, reserved 1079296K
  class space    used 4589K, capacity 4884K, committed 4992K, reserved 1048576K
}
Event: 10.330 GC heap before
{Heap before GC invocations=11 (full 2):
 PSYoungGen      total 113152K, used 8609K [0x00000000d5580000, 0x00000000def80000, 0x0000000100000000)
  eden space 101376K, 0% used [0x00000000d5580000,0x00000000d5580000,0x00000000db880000)
  from space 11776K, 73% used [0x00000000db880000,0x00000000dc0e8688,0x00000000dc400000)
  to   space 11776K, 0% used [0x00000000de400000,0x00000000de400000,0x00000000def80000)
 ParOldGen       total 60416K, used 11821K [0x0000000080000000, 0x0000000083b00000, 0x00000000d5580000)
  object space 60416K, 19% used [0x0000000080000000,0x0000000080b8b488,0x0000000083b00000)
 Metaspace       used 34056K, capacity 35326K, committed 35456K, reserved 1079296K
  class space    used 4589K, capacity 4884K, committed 4992K, reserved 1048576K
Event: 10.394 GC heap after
Heap after GC invocations=11 (full 2):
 PSYoungGen      total 113152K, used 0K [0x00000000d5580000, 0x00000000def80000, 0x0000000100000000)
  eden space 101376K, 0% used [0x00000000d5580000,0x00000000d5580000,0x00000000db880000)
  from space 11776K, 0% used [0x00000000db880000,0x00000000db880000,0x00000000dc400000)
  to   space 11776K, 0% used [0x00000000de400000,0x00000000de400000,0x00000000def80000)
 ParOldGen       total 87040K, used 15249K [0x0000000080000000, 0x0000000085500000, 0x00000000d5580000)
  object space 87040K, 17% used [0x0000000080000000,0x0000000080ee4570,0x0000000085500000)
 Metaspace       used 34056K, capacity 35326K, committed 35456K, reserved 1079296K
  class space    used 4589K, capacity 4884K, committed 4992K, reserved 1048576K
}
Event: 13.216 GC heap before
{Heap before GC invocations=12 (full 2):
 PSYoungGen      total 113152K, used 101376K [0x00000000d5580000, 0x00000000def80000, 0x0000000100000000)
  eden space 101376K, 100% used [0x00000000d5580000,0x00000000db880000,0x00000000db880000)
  from space 11776K, 0% used [0x00000000db880000,0x00000000db880000,0x00000000dc400000)
  to   space 11776K, 0% used [0x00000000de400000,0x00000000de400000,0x00000000def80000)
 ParOldGen       total 87040K, used 15249K [0x0000000080000000, 0x0000000085500000, 0x00000000d5580000)
  object space 87040K, 17% used [0x0000000080000000,0x0000000080ee4570,0x0000000085500000)
 Metaspace       used 38587K, capacity 40486K, committed 40576K, reserved 1083392K
  class space    used 5308K, capacity 5694K, committed 5760K, reserved 1048576K
Event: 13.224 GC heap after
Heap after GC invocations=12 (full 2):
 PSYoungGen      total 137216K, used 9070K [0x00000000d5580000, 0x00000000ded00000, 0x0000000100000000)
  eden space 128000K, 0% used [0x00000000d5580000,0x00000000d5580000,0x00000000dd280000)
  from space 9216K, 98% used [0x00000000de400000,0x00000000decdbb48,0x00000000ded00000)
  to   space 12288K, 0% used [0x00000000dd500000,0x00000000dd500000,0x00000000de100000)
 ParOldGen       total 87040K, used 15257K [0x0000000080000000, 0x0000000085500000, 0x00000000d5580000)
  object space 87040K, 17% used [0x0000000080000000,0x0000000080ee6570,0x0000000085500000)
 Metaspace       used 38587K, capacity 40486K, committed 40576K, reserved 1083392K
  class space    used 5308K, capacity 5694K, committed 5760K, reserved 1048576K
}

